#
# A fatal error has been detected by the Java Runtime Environment:
#
#  Internal Error (signature.cpp:109), pid=4836, tid=4837
#  Error: ShouldNotReachHere()
#
# JRE version: OpenJDK Runtime Environment (11.0.19+7) (build 11.0.19+7-post-Ubuntu-0ubuntu120.04.1)
# Java VM: OpenJDK 64-Bit Server VM (11.0.19+7-post-Ubuntu-0ubuntu120.04.1, mixed mode, sharing, tiered, compressed oops, g1 gc, linux-amd64)
# Core dump will be written. Default location: Core dumps may be processed with "/usr/share/apport/apport -p%p -s%s -c%c -d%d -P%P -u%u -g%g -- %E" (or dumping to /home/annie/Desktop/CompilerHW/hw3/core.4836)
#
# If you would like to submit a bug report, please visit:
#   https://bugs.launchpad.net/ubuntu/+source/openjdk-lts
#

---------------  S U M M A R Y ------------

Command Line: -Xverify:none Main

Host: Intel(R) Core(TM) i5-10210U CPU @ 1.60GHz, 2 cores, 3G, Ubuntu 20.04.6 LTS
Time: Wed Jun  7 01:47:18 2023 CST elapsed time: 0.118300 seconds (0d 0h 0m 0s)

---------------  T H R E A D  ---------------

Current thread (0x00007f38bc016000):  JavaThread "main" [_thread_in_vm, id=4837, stack(0x00007f38c0505000,0x00007f38c0606000)]

Stack: [0x00007f38c0505000,0x00007f38c0606000],  sp=0x00007f38c0604180,  free space=1020k
Native frames: (J=compiled Java code, A=aot compiled Java code, j=interpreted, Vv=VM code, C=native code)
V  [libjvm.so+0xe9e869]  VMError::report_and_die(int, char const*, char const*, __va_list_tag*, Thread*, unsigned char*, void*, void*, char const*, int, unsigned long)+0x199
V  [libjvm.so+0xe9f7a5]  VMError::report_and_die(Thread*, void*, char const*, int, char const*, char const*, __va_list_tag*)+0x35
V  [libjvm.so+0x67ca9b]  report_vm_error(char const*, int, char const*, char const*, ...)+0xfb
V  [libjvm.so+0xd7c6e6]  SignatureIterator::iterate_parameters()+0x86
V  [libjvm.so+0x73ad36]  frame::interpreter_callee_receiver_addr(Symbol*)+0x46
V  [libjvm.so+0x86e149]  InterpreterRuntime::resolve_invoke(JavaThread*, Bytecodes::Code)+0x2c9
V  [libjvm.so+0x86e671]  InterpreterRuntime::resolve_from_cache(JavaThread*, Bytecodes::Code)+0x41
j  Main.main([Ljava/lang/String;)V+16
v  ~StubRoutines::call_stub
V  [libjvm.so+0x8748b4]  JavaCalls::call_helper(JavaValue*, methodHandle const&, JavaCallArguments*, Thread*)+0x324
V  [libjvm.so+0x8f0a3d]  jni_invoke_static(JNIEnv_*, JavaValue*, _jobject*, JNICallType, _jmethodID*, JNI_ArgumentPusher*, Thread*) [clone .isra.0] [clone .constprop.0]+0x1ed
V  [libjvm.so+0x8f3150]  jni_CallStaticVoidMethod+0x160
C  [libjli.so+0x5a6a]  JavaMain+0xd5a
C  [libjli.so+0x9cdd]  ThreadJavaMain+0xd

Java frames: (J=compiled Java code, j=interpreted, Vv=VM code)
j  Main.main([Ljava/lang/String;)V+16
v  ~StubRoutines::call_stub

---------------  P R O C E S S  ---------------

Threads class SMR info:
_java_thread_list=0x00007f38bc107d90, length=9, elements={
0x00007f38bc016000, 0x00007f38bc0b6800, 0x00007f38bc0b8800, 0x00007f38bc0c3000,
0x00007f38bc0c5000, 0x00007f38bc0c7800, 0x00007f38bc0c9800, 0x00007f38bc0cb800,
0x00007f38bc106800
}

Java Threads: ( => current thread )
=>0x00007f38bc016000 JavaThread "main" [_thread_in_vm, id=4837, stack(0x00007f38c0505000,0x00007f38c0606000)]
  0x00007f38bc0b6800 JavaThread "Reference Handler" daemon [_thread_blocked, id=4845, stack(0x00007f389711b000,0x00007f389721c000)]
  0x00007f38bc0b8800 JavaThread "Finalizer" daemon [_thread_blocked, id=4846, stack(0x00007f389701a000,0x00007f389711b000)]
  0x00007f38bc0c3000 JavaThread "Signal Dispatcher" daemon [_thread_blocked, id=4847, stack(0x00007f3896c4d000,0x00007f3896d4e000)]
  0x00007f38bc0c5000 JavaThread "Service Thread" daemon [_thread_blocked, id=4848, stack(0x00007f3896b4c000,0x00007f3896c4d000)]
  0x00007f38bc0c7800 JavaThread "C2 CompilerThread0" daemon [_thread_blocked, id=4849, stack(0x00007f3896a4b000,0x00007f3896b4c000)]
  0x00007f38bc0c9800 JavaThread "C1 CompilerThread0" daemon [_thread_blocked, id=4850, stack(0x00007f389694a000,0x00007f3896a4b000)]
  0x00007f38bc0cb800 JavaThread "Sweeper thread" daemon [_thread_blocked, id=4851, stack(0x00007f3896849000,0x00007f389694a000)]
  0x00007f38bc106800 JavaThread "Common-Cleaner" daemon [_thread_blocked, id=4853, stack(0x00007f3896646000,0x00007f3896747000)]

Other Threads:
  0x00007f38bc0b3800 VMThread "VM Thread" [stack: 0x00007f389721e000,0x00007f389731e000] [id=4844]
  0x00007f38bc104000 WatcherThread [stack: 0x00007f3896749000,0x00007f3896849000] [id=4852]
  0x00007f38bc02d800 GCTaskThread "GC Thread#0" [stack: 0x00007f38c01a9000,0x00007f38c02a9000] [id=4838]
  0x00007f38bc048800 ConcurrentGCThread "G1 Main Marker" [stack: 0x00007f38a4033000,0x00007f38a4133000] [id=4839]
  0x00007f38bc04a800 ConcurrentGCThread "G1 Conc#0" [stack: 0x00007f389e050000,0x00007f389e150000] [id=4840]
  0x00007f38bc085800 ConcurrentGCThread "G1 Refine#0" [stack: 0x00007f3897cfe000,0x00007f3897dfe000] [id=4842]
  0x00007f38bc087800 ConcurrentGCThread "G1 Young RemSet Sampling" [stack: 0x00007f3897bfc000,0x00007f3897cfc000] [id=4843]

Threads with active compile tasks:

VM state:not at safepoint (normal execution)

VM Mutex/Monitor currently owned by a thread: None

Heap address: 0x00000000c2a00000, size: 982 MB, Compressed Oops mode: 32-bit
Narrow klass base: 0x0000000800000000, Narrow klass shift: 3
Compressed class space size: 1073741824 Address: 0x0000000840000000

Heap:
 garbage-first heap   total 65536K, used 712K [0x00000000c2a00000, 0x0000000100000000)
  region size 1024K, 1 young (1024K), 0 survivors (0K)
 Metaspace       used 150K, capacity 4486K, committed 4864K, reserved 1056768K
  class space    used 5K, capacity 386K, committed 512K, reserved 1048576K
Heap Regions: E=young(eden), S=young(survivor), O=old, HS=humongous(starts), HC=humongous(continues), CS=collection set, F=free, A=archive, TAMS=top-at-mark-start (previous, next)
|   0|0x00000000c2a00000, 0x00000000c2a00000, 0x00000000c2b00000|  0%| F|  |TAMS 0x00000000c2a00000, 0x00000000c2a00000| Untracked 
|   1|0x00000000c2b00000, 0x00000000c2b00000, 0x00000000c2c00000|  0%| F|  |TAMS 0x00000000c2b00000, 0x00000000c2b00000| Untracked 
|   2|0x00000000c2c00000, 0x00000000c2c00000, 0x00000000c2d00000|  0%| F|  |TAMS 0x00000000c2c00000, 0x00000000c2c00000| Untracked 
|   3|0x00000000c2d00000, 0x00000000c2d00000, 0x00000000c2e00000|  0%| F|  |TAMS 0x00000000c2d00000, 0x00000000c2d00000| Untracked 
|   4|0x00000000c2e00000, 0x00000000c2e00000, 0x00000000c2f00000|  0%| F|  |TAMS 0x00000000c2e00000, 0x00000000c2e00000| Untracked 
|   5|0x00000000c2f00000, 0x00000000c2f00000, 0x00000000c3000000|  0%| F|  |TAMS 0x00000000c2f00000, 0x00000000c2f00000| Untracked 
|   6|0x00000000c3000000, 0x00000000c3000000, 0x00000000c3100000|  0%| F|  |TAMS 0x00000000c3000000, 0x00000000c3000000| Untracked 
|   7|0x00000000c3100000, 0x00000000c3100000, 0x00000000c3200000|  0%| F|  |TAMS 0x00000000c3100000, 0x00000000c3100000| Untracked 
|   8|0x00000000c3200000, 0x00000000c3200000, 0x00000000c3300000|  0%| F|  |TAMS 0x00000000c3200000, 0x00000000c3200000| Untracked 
|   9|0x00000000c3300000, 0x00000000c3300000, 0x00000000c3400000|  0%| F|  |TAMS 0x00000000c3300000, 0x00000000c3300000| Untracked 
|  10|0x00000000c3400000, 0x00000000c3400000, 0x00000000c3500000|  0%| F|  |TAMS 0x00000000c3400000, 0x00000000c3400000| Untracked 
|  11|0x00000000c3500000, 0x00000000c3500000, 0x00000000c3600000|  0%| F|  |TAMS 0x00000000c3500000, 0x00000000c3500000| Untracked 
|  12|0x00000000c3600000, 0x00000000c3600000, 0x00000000c3700000|  0%| F|  |TAMS 0x00000000c3600000, 0x00000000c3600000| Untracked 
|  13|0x00000000c3700000, 0x00000000c3700000, 0x00000000c3800000|  0%| F|  |TAMS 0x00000000c3700000, 0x00000000c3700000| Untracked 
|  14|0x00000000c3800000, 0x00000000c3800000, 0x00000000c3900000|  0%| F|  |TAMS 0x00000000c3800000, 0x00000000c3800000| Untracked 
|  15|0x00000000c3900000, 0x00000000c3900000, 0x00000000c3a00000|  0%| F|  |TAMS 0x00000000c3900000, 0x00000000c3900000| Untracked 
|  16|0x00000000c3a00000, 0x00000000c3a00000, 0x00000000c3b00000|  0%| F|  |TAMS 0x00000000c3a00000, 0x00000000c3a00000| Untracked 
|  17|0x00000000c3b00000, 0x00000000c3b00000, 0x00000000c3c00000|  0%| F|  |TAMS 0x00000000c3b00000, 0x00000000c3b00000| Untracked 
|  18|0x00000000c3c00000, 0x00000000c3c00000, 0x00000000c3d00000|  0%| F|  |TAMS 0x00000000c3c00000, 0x00000000c3c00000| Untracked 
|  19|0x00000000c3d00000, 0x00000000c3d00000, 0x00000000c3e00000|  0%| F|  |TAMS 0x00000000c3d00000, 0x00000000c3d00000| Untracked 
|  20|0x00000000c3e00000, 0x00000000c3e00000, 0x00000000c3f00000|  0%| F|  |TAMS 0x00000000c3e00000, 0x00000000c3e00000| Untracked 
|  21|0x00000000c3f00000, 0x00000000c3f00000, 0x00000000c4000000|  0%| F|  |TAMS 0x00000000c3f00000, 0x00000000c3f00000| Untracked 
|  22|0x00000000c4000000, 0x00000000c4000000, 0x00000000c4100000|  0%| F|  |TAMS 0x00000000c4000000, 0x00000000c4000000| Untracked 
|  23|0x00000000c4100000, 0x00000000c4100000, 0x00000000c4200000|  0%| F|  |TAMS 0x00000000c4100000, 0x00000000c4100000| Untracked 
|  24|0x00000000c4200000, 0x00000000c4200000, 0x00000000c4300000|  0%| F|  |TAMS 0x00000000c4200000, 0x00000000c4200000| Untracked 
|  25|0x00000000c4300000, 0x00000000c4300000, 0x00000000c4400000|  0%| F|  |TAMS 0x00000000c4300000, 0x00000000c4300000| Untracked 
|  26|0x00000000c4400000, 0x00000000c4400000, 0x00000000c4500000|  0%| F|  |TAMS 0x00000000c4400000, 0x00000000c4400000| Untracked 
|  27|0x00000000c4500000, 0x00000000c4500000, 0x00000000c4600000|  0%| F|  |TAMS 0x00000000c4500000, 0x00000000c4500000| Untracked 
|  28|0x00000000c4600000, 0x00000000c4600000, 0x00000000c4700000|  0%| F|  |TAMS 0x00000000c4600000, 0x00000000c4600000| Untracked 
|  29|0x00000000c4700000, 0x00000000c4700000, 0x00000000c4800000|  0%| F|  |TAMS 0x00000000c4700000, 0x00000000c4700000| Untracked 
|  30|0x00000000c4800000, 0x00000000c4800000, 0x00000000c4900000|  0%| F|  |TAMS 0x00000000c4800000, 0x00000000c4800000| Untracked 
|  31|0x00000000c4900000, 0x00000000c4900000, 0x00000000c4a00000|  0%| F|  |TAMS 0x00000000c4900000, 0x00000000c4900000| Untracked 
|  32|0x00000000c4a00000, 0x00000000c4a00000, 0x00000000c4b00000|  0%| F|  |TAMS 0x00000000c4a00000, 0x00000000c4a00000| Untracked 
|  33|0x00000000c4b00000, 0x00000000c4b00000, 0x00000000c4c00000|  0%| F|  |TAMS 0x00000000c4b00000, 0x00000000c4b00000| Untracked 
|  34|0x00000000c4c00000, 0x00000000c4c00000, 0x00000000c4d00000|  0%| F|  |TAMS 0x00000000c4c00000, 0x00000000c4c00000| Untracked 
|  35|0x00000000c4d00000, 0x00000000c4d00000, 0x00000000c4e00000|  0%| F|  |TAMS 0x00000000c4d00000, 0x00000000c4d00000| Untracked 
|  36|0x00000000c4e00000, 0x00000000c4e00000, 0x00000000c4f00000|  0%| F|  |TAMS 0x00000000c4e00000, 0x00000000c4e00000| Untracked 
|  37|0x00000000c4f00000, 0x00000000c4f00000, 0x00000000c5000000|  0%| F|  |TAMS 0x00000000c4f00000, 0x00000000c4f00000| Untracked 
|  38|0x00000000c5000000, 0x00000000c5000000, 0x00000000c5100000|  0%| F|  |TAMS 0x00000000c5000000, 0x00000000c5000000| Untracked 
|  39|0x00000000c5100000, 0x00000000c5100000, 0x00000000c5200000|  0%| F|  |TAMS 0x00000000c5100000, 0x00000000c5100000| Untracked 
|  40|0x00000000c5200000, 0x00000000c5200000, 0x00000000c5300000|  0%| F|  |TAMS 0x00000000c5200000, 0x00000000c5200000| Untracked 
|  41|0x00000000c5300000, 0x00000000c5300000, 0x00000000c5400000|  0%| F|  |TAMS 0x00000000c5300000, 0x00000000c5300000| Untracked 
|  42|0x00000000c5400000, 0x00000000c5400000, 0x00000000c5500000|  0%| F|  |TAMS 0x00000000c5400000, 0x00000000c5400000| Untracked 
|  43|0x00000000c5500000, 0x00000000c5500000, 0x00000000c5600000|  0%| F|  |TAMS 0x00000000c5500000, 0x00000000c5500000| Untracked 
|  44|0x00000000c5600000, 0x00000000c5600000, 0x00000000c5700000|  0%| F|  |TAMS 0x00000000c5600000, 0x00000000c5600000| Untracked 
|  45|0x00000000c5700000, 0x00000000c5700000, 0x00000000c5800000|  0%| F|  |TAMS 0x00000000c5700000, 0x00000000c5700000| Untracked 
|  46|0x00000000c5800000, 0x00000000c5800000, 0x00000000c5900000|  0%| F|  |TAMS 0x00000000c5800000, 0x00000000c5800000| Untracked 
|  47|0x00000000c5900000, 0x00000000c5900000, 0x00000000c5a00000|  0%| F|  |TAMS 0x00000000c5900000, 0x00000000c5900000| Untracked 
|  48|0x00000000c5a00000, 0x00000000c5a00000, 0x00000000c5b00000|  0%| F|  |TAMS 0x00000000c5a00000, 0x00000000c5a00000| Untracked 
|  49|0x00000000c5b00000, 0x00000000c5b00000, 0x00000000c5c00000|  0%| F|  |TAMS 0x00000000c5b00000, 0x00000000c5b00000| Untracked 
|  50|0x00000000c5c00000, 0x00000000c5c00000, 0x00000000c5d00000|  0%| F|  |TAMS 0x00000000c5c00000, 0x00000000c5c00000| Untracked 
|  51|0x00000000c5d00000, 0x00000000c5d00000, 0x00000000c5e00000|  0%| F|  |TAMS 0x00000000c5d00000, 0x00000000c5d00000| Untracked 
|  52|0x00000000c5e00000, 0x00000000c5e00000, 0x00000000c5f00000|  0%| F|  |TAMS 0x00000000c5e00000, 0x00000000c5e00000| Untracked 
|  53|0x00000000c5f00000, 0x00000000c5f00000, 0x00000000c6000000|  0%| F|  |TAMS 0x00000000c5f00000, 0x00000000c5f00000| Untracked 
|  54|0x00000000c6000000, 0x00000000c6000000, 0x00000000c6100000|  0%| F|  |TAMS 0x00000000c6000000, 0x00000000c6000000| Untracked 
|  55|0x00000000c6100000, 0x00000000c6100000, 0x00000000c6200000|  0%| F|  |TAMS 0x00000000c6100000, 0x00000000c6100000| Untracked 
|  56|0x00000000c6200000, 0x00000000c6200000, 0x00000000c6300000|  0%| F|  |TAMS 0x00000000c6200000, 0x00000000c6200000| Untracked 
|  57|0x00000000c6300000, 0x00000000c6300000, 0x00000000c6400000|  0%| F|  |TAMS 0x00000000c6300000, 0x00000000c6300000| Untracked 
|  58|0x00000000c6400000, 0x00000000c6400000, 0x00000000c6500000|  0%| F|  |TAMS 0x00000000c6400000, 0x00000000c6400000| Untracked 
|  59|0x00000000c6500000, 0x00000000c6500000, 0x00000000c6600000|  0%| F|  |TAMS 0x00000000c6500000, 0x00000000c6500000| Untracked 
|  60|0x00000000c6600000, 0x00000000c6600000, 0x00000000c6700000|  0%| F|  |TAMS 0x00000000c6600000, 0x00000000c6600000| Untracked 
|  61|0x00000000c6700000, 0x00000000c67b35f0, 0x00000000c6800000| 70%| E|  |TAMS 0x00000000c6700000, 0x00000000c6700000| Complete 
| 980|0x00000000ffe00000, 0x00000000ffe47000, 0x00000000fff00000| 27%|OA|  |TAMS 0x00000000ffe00000, 0x00000000ffe00000| Untracked 
| 981|0x00000000fff00000, 0x00000000fff6b000, 0x0000000100000000| 41%|CA|  |TAMS 0x00000000fff00000, 0x00000000fff00000| Untracked 

Card table byte_map: [0x00007f38a431e000,0x00007f38a4509000] _byte_map_base: 0x00007f38a3d09000

Marking Bits (Prev, Next): (CMBitMap*) 0x00007f38bc043c98, (CMBitMap*) 0x00007f38bc043cd0
 Prev Bits: [0x00007f389f0a8000, 0x00007f38a0000000)
 Next Bits: [0x00007f389e150000, 0x00007f389f0a8000)

Polling page: 0x00007f38c1e59000

Metaspace:

Usage:
  Non-class:      4.00 MB capacity,   145.72 KB (  4%) used,     3.86 MB ( 96%) free+waste,   128 bytes ( <1%) overhead. 
      Class:    386.00 KB capacity,     5.18 KB (  1%) used,   380.70 KB ( 99%) free+waste,   128 bytes ( <1%) overhead. 
       Both:      4.38 MB capacity,   150.90 KB (  3%) used,     4.23 MB ( 97%) free+waste,   256 bytes ( <1%) overhead. 

Virtual space:
  Non-class space:        8.00 MB reserved,       4.25 MB ( 53%) committed 
      Class space:        1.00 GB reserved,     512.00 KB ( <1%) committed 
             Both:        1.01 GB reserved,       4.75 MB ( <1%) committed 

Chunk freelists:
   Non-Class:  0 bytes
       Class:  0 bytes
        Both:  0 bytes

MaxMetaspaceSize: unlimited
CompressedClassSpaceSize: 1.00 GB
Initial GC threshold: 20.80 MB
Current GC threshold: 20.80 MB
CDS: on

CodeHeap 'non-profiled nmethods': size=120036Kb used=13Kb max_used=13Kb free=120022Kb
 bounds [0x00007f38ac2bc000, 0x00007f38ac52c000, 0x00007f38b37f5000]
CodeHeap 'profiled nmethods': size=120032Kb used=70Kb max_used=70Kb free=119961Kb
 bounds [0x00007f38a4d84000, 0x00007f38a4ff4000, 0x00007f38ac2bc000]
CodeHeap 'non-nmethods': size=5692Kb used=1021Kb max_used=1027Kb free=4670Kb
 bounds [0x00007f38a47f5000, 0x00007f38a4a65000, 0x00007f38a4d84000]
 total_blobs=299 nmethods=56 adapters=157
 compilation: enabled
              stopped_count=0, restarted_count=0
 full_count=0

Compilation events (20 events):
Event: 0.113 Thread 0x00007f38bc0c7800 nmethod 52 0x00007f38ac2bee90 code [0x00007f38ac2bf020, 0x00007f38ac2bf098]
Event: 0.115 Thread 0x00007f38bc0c9800 nmethod 47 0x00007f38a4d92710 code [0x00007f38a4d928e0, 0x00007f38a4d92b30]
Event: 0.115 Thread 0x00007f38bc0c9800   45       3       java.util.ImmutableCollections$SetN::probe (56 bytes)
Event: 0.115 Thread 0x00007f38bc0c9800 nmethod 45 0x00007f38a4d92c90 code [0x00007f38a4d92e80, 0x00007f38a4d93450]
Event: 0.115 Thread 0x00007f38bc0c9800   53       3       jdk.internal.module.ModuleBootstrap$2::hasNext (30 bytes)
Event: 0.115 Thread 0x00007f38bc0c9800 nmethod 53 0x00007f38a4d93690 code [0x00007f38a4d93860, 0x00007f38a4d93bb0]
Event: 0.115 Thread 0x00007f38bc0c9800   54       3       jdk.internal.module.ModuleBootstrap$2::next (52 bytes)
Event: 0.115 Thread 0x00007f38bc0c9800 nmethod 54 0x00007f38a4d93c90 code [0x00007f38a4d93ea0, 0x00007f38a4d94400]
Event: 0.115 Thread 0x00007f38bc0c9800   48       3       java.util.Objects::requireNonNull (14 bytes)
Event: 0.116 Thread 0x00007f38bc0c9800 nmethod 48 0x00007f38a4d94590 code [0x00007f38a4d94760, 0x00007f38a4d94940]
Event: 0.116 Thread 0x00007f38bc0c9800   49       1       java.lang.module.ModuleDescriptor::isOpen (5 bytes)
Event: 0.116 Thread 0x00007f38bc0c9800 nmethod 49 0x00007f38ac2bf190 code [0x00007f38ac2bf340, 0x00007f38ac2bf410]
Event: 0.116 Thread 0x00007f38bc0c9800   51       1       java.lang.Module::getDescriptor (5 bytes)
Event: 0.116 Thread 0x00007f38bc0c9800 nmethod 51 0x00007f38ac2bf490 code [0x00007f38ac2bf640, 0x00007f38ac2bf710]
Event: 0.116 Thread 0x00007f38bc0c9800   46       3       java.lang.String::equals (65 bytes)
Event: 0.116 Thread 0x00007f38bc0c9800 nmethod 46 0x00007f38a4d94a10 code [0x00007f38a4d94c20, 0x00007f38a4d95290]
Event: 0.116 Thread 0x00007f38bc0c9800   55       3       java.lang.CharacterDataLatin1::getProperties (11 bytes)
Event: 0.116 Thread 0x00007f38bc0c9800 nmethod 55 0x00007f38a4d95410 code [0x00007f38a4d955c0, 0x00007f38a4d95710]
Event: 0.116 Thread 0x00007f38bc0c9800   56       3       java.lang.StringLatin1::canEncode (13 bytes)
Event: 0.116 Thread 0x00007f38bc0c9800 nmethod 56 0x00007f38a4d95810 code [0x00007f38a4d959c0, 0x00007f38a4d95af0]

GC Heap History (0 events):
No events

Deoptimization events (0 events):
No events

Classes redefined (0 events):
No events

Internal exceptions (0 events):
No events

Events (20 events):
Event: 0.069 Thread 0x00007f38bc0c7800 Thread added: 0x00007f38bc0c7800
Event: 0.069 Protecting memory [0x00007f3896a4b000,0x00007f3896a4f000] with protection modes 0
Event: 0.069 Thread 0x00007f38bc0c9800 Thread added: 0x00007f38bc0c9800
Event: 0.069 Protecting memory [0x00007f389694a000,0x00007f389694e000] with protection modes 0
Event: 0.069 Thread 0x00007f38bc0cb800 Thread added: 0x00007f38bc0cb800
Event: 0.079 Protecting memory [0x00007f3896849000,0x00007f389684d000] with protection modes 0
Event: 0.113 Executing VM operation: EnableBiasedLocking
Event: 0.113 Executing VM operation: EnableBiasedLocking done
Event: 0.115 loading class jdk/internal/vm/PostVMInitHook
Event: 0.115 loading class jdk/internal/vm/PostVMInitHook done
Event: 0.115 loading class Main
Event: 0.115 loading class Main done
Event: 0.116 loading class jdk/internal/loader/URLClassPath$FileLoader
Event: 0.116 loading class jdk/internal/loader/URLClassPath$FileLoader done
Event: 0.116 loading class jdk/internal/loader/URLClassPath$FileLoader$1
Event: 0.116 loading class jdk/internal/loader/URLClassPath$FileLoader$1 done
Event: 0.117 Thread 0x00007f38bc106800 Thread added: 0x00007f38bc106800
Event: 0.117 Protecting memory [0x00007f3896646000,0x00007f389664a000] with protection modes 0
Event: 0.117 Executing VM operation: RevokeBias
Event: 0.117 Executing VM operation: RevokeBias done


Dynamic libraries:
c2a00000-c6800000 rw-p 00000000 00:00 0 
c6800000-ffe00000 ---p 00000000 00:00 0 
ffe00000-ffe47000 rw-p 00b0a000 08:05 832862                             /usr/lib/jvm/java-11-openjdk-amd64/lib/server/classes.jsa
ffe47000-fff00000 rw-p 00000000 00:00 0 
fff00000-fff6b000 rw-p 00a9f000 08:05 832862                             /usr/lib/jvm/java-11-openjdk-amd64/lib/server/classes.jsa
fff6b000-100000000 rw-p 00000000 00:00 0 
800000000-800002000 rwxp 00001000 08:05 832862                           /usr/lib/jvm/java-11-openjdk-amd64/lib/server/classes.jsa
800002000-8003cc000 rw-p 00003000 08:05 832862                           /usr/lib/jvm/java-11-openjdk-amd64/lib/server/classes.jsa
8003cc000-800a9d000 r--p 003cd000 08:05 832862                           /usr/lib/jvm/java-11-openjdk-amd64/lib/server/classes.jsa
800a9d000-800a9e000 rw-p 00a9e000 08:05 832862                           /usr/lib/jvm/java-11-openjdk-amd64/lib/server/classes.jsa
840000000-840080000 rw-p 00000000 00:00 0 
840080000-880000000 ---p 00000000 00:00 0 
5584c7eab000-5584c7eac000 r--p 00000000 08:05 832523                     /usr/lib/jvm/java-11-openjdk-amd64/bin/java
5584c7eac000-5584c7ead000 r-xp 00001000 08:05 832523                     /usr/lib/jvm/java-11-openjdk-amd64/bin/java
5584c7ead000-5584c7eae000 r--p 00002000 08:05 832523                     /usr/lib/jvm/java-11-openjdk-amd64/bin/java
5584c7eae000-5584c7eaf000 r--p 00002000 08:05 832523                     /usr/lib/jvm/java-11-openjdk-amd64/bin/java
5584c7eaf000-5584c7eb0000 rw-p 00003000 08:05 832523                     /usr/lib/jvm/java-11-openjdk-amd64/bin/java
5584c8622000-5584c8643000 rw-p 00000000 00:00 0                          [heap]
7f3864000000-7f3864021000 rw-p 00000000 00:00 0 
7f3864021000-7f3868000000 ---p 00000000 00:00 0 
7f3868000000-7f3868021000 rw-p 00000000 00:00 0 
7f3868021000-7f386c000000 ---p 00000000 00:00 0 
7f386c000000-7f386c077000 rw-p 00000000 00:00 0 
7f386c077000-7f3870000000 ---p 00000000 00:00 0 
7f3870000000-7f387006d000 rw-p 00000000 00:00 0 
7f387006d000-7f3874000000 ---p 00000000 00:00 0 
7f3874000000-7f3874021000 rw-p 00000000 00:00 0 
7f3874021000-7f3878000000 ---p 00000000 00:00 0 
7f3878000000-7f3878021000 rw-p 00000000 00:00 0 
7f3878021000-7f387c000000 ---p 00000000 00:00 0 
7f387c000000-7f387c021000 rw-p 00000000 00:00 0 
7f387c021000-7f3880000000 ---p 00000000 00:00 0 
7f3880000000-7f3880021000 rw-p 00000000 00:00 0 
7f3880021000-7f3884000000 ---p 00000000 00:00 0 
7f3884000000-7f3884021000 rw-p 00000000 00:00 0 
7f3884021000-7f3888000000 ---p 00000000 00:00 0 
7f3888000000-7f3888021000 rw-p 00000000 00:00 0 
7f3888021000-7f388c000000 ---p 00000000 00:00 0 
7f388c000000-7f388c021000 rw-p 00000000 00:00 0 
7f388c021000-7f3890000000 ---p 00000000 00:00 0 
7f3890000000-7f3890021000 rw-p 00000000 00:00 0 
7f3890021000-7f3894000000 ---p 00000000 00:00 0 
7f389628e000-7f3896646000 rw-p 00000000 00:00 0 
7f3896646000-7f389664a000 ---p 00000000 00:00 0 
7f389664a000-7f3896747000 rw-p 00000000 00:00 0 
7f3896747000-7f3896748000 ---p 00000000 00:00 0 
7f3896748000-7f3896849000 rw-p 00000000 00:00 0 
7f3896849000-7f389684d000 ---p 00000000 00:00 0 
7f389684d000-7f389694a000 rw-p 00000000 00:00 0 
7f389694a000-7f389694e000 ---p 00000000 00:00 0 
7f389694e000-7f3896a4b000 rw-p 00000000 00:00 0 
7f3896a4b000-7f3896a4f000 ---p 00000000 00:00 0 
7f3896a4f000-7f3896b4c000 rw-p 00000000 00:00 0 
7f3896b4c000-7f3896b50000 ---p 00000000 00:00 0 
7f3896b50000-7f3896c4d000 rw-p 00000000 00:00 0 
7f3896c4d000-7f3896c51000 ---p 00000000 00:00 0 
7f3896c51000-7f3896d4e000 rw-p 00000000 00:00 0 
7f3896d4e000-7f3896da2000 r--p 00000000 07:03 187                        /snap/code/129/usr/lib/locale/aa_DJ.utf8/LC_CTYPE
7f3896da2000-7f389701a000 r--p 00000000 07:03 2034                       /snap/code/129/usr/lib/locale/en_CA.utf8/LC_COLLATE
7f389701a000-7f389701e000 ---p 00000000 00:00 0 
7f389701e000-7f389711b000 rw-p 00000000 00:00 0 
7f389711b000-7f389711f000 ---p 00000000 00:00 0 
7f389711f000-7f389721c000 rw-p 00000000 00:00 0 
7f389721c000-7f389721d000 ---p 00000000 00:00 0 
7f389721d000-7f389783a000 rw-p 00000000 00:00 0 
7f389783a000-7f3897bfa000 ---p 00000000 00:00 0 
7f3897bfa000-7f3897bfb000 ---p 00000000 00:00 0 
7f3897bfb000-7f3897cfc000 rw-p 00000000 00:00 0 
7f3897cfc000-7f3897cfd000 ---p 00000000 00:00 0 
7f3897cfd000-7f3898000000 rw-p 00000000 00:00 0 
7f3898000000-7f3898021000 rw-p 00000000 00:00 0 
7f3898021000-7f389c000000 ---p 00000000 00:00 0 
7f389c04e000-7f389e04e000 rw-p 00000000 00:00 0 
7f389e04e000-7f389e04f000 ---p 00000000 00:00 0 
7f389e04f000-7f389e248000 rw-p 00000000 00:00 0 
7f389e248000-7f389f0a0000 ---p 00000000 00:00 0 
7f389f0a0000-7f389f1a0000 rw-p 00000000 00:00 0 
7f389f1a0000-7f389fff8000 ---p 00000000 00:00 0 
7f389fff8000-7f38a0000000 rw-p 00000000 00:00 0 
7f38a0000000-7f38a0021000 rw-p 00000000 00:00 0 
7f38a0021000-7f38a4000000 ---p 00000000 00:00 0 
7f38a4031000-7f38a4032000 ---p 00000000 00:00 0 
7f38a4032000-7f38a4152000 rw-p 00000000 00:00 0 
7f38a4152000-7f38a431d000 ---p 00000000 00:00 0 
7f38a431d000-7f38a433d000 rw-p 00000000 00:00 0 
7f38a433d000-7f38a4508000 ---p 00000000 00:00 0 
7f38a4508000-7f38a4528000 rw-p 00000000 00:00 0 
7f38a4528000-7f38a46f3000 ---p 00000000 00:00 0 
7f38a46f3000-7f38a47f5000 rw-p 00000000 00:00 0 
7f38a47f5000-7f38a4a65000 rwxp 00000000 00:00 0 
7f38a4a65000-7f38a4d84000 ---p 00000000 00:00 0 
7f38a4d84000-7f38a4ff4000 rwxp 00000000 00:00 0 
7f38a4ff4000-7f38ac2bc000 ---p 00000000 00:00 0 
7f38ac2bc000-7f38ac52c000 rwxp 00000000 00:00 0 
7f38ac52c000-7f38b37f5000 ---p 00000000 00:00 0 
7f38b37f5000-7f38bc000000 r--s 00000000 08:05 832726                     /usr/lib/jvm/java-11-openjdk-amd64/lib/modules
7f38bc000000-7f38bc117000 rw-p 00000000 00:00 0 
7f38bc117000-7f38c0000000 ---p 00000000 00:00 0 
7f38c001a000-7f38c001b000 r--p 00000000 07:03 1454                       /snap/code/129/usr/lib/locale/cmn_TW/LC_NUMERIC
7f38c001b000-7f38c01a7000 rw-p 00000000 00:00 0 
7f38c01a7000-7f38c01a8000 ---p 00000000 00:00 0 
7f38c01a8000-7f38c02ae000 rw-p 00000000 00:00 0 
7f38c02ae000-7f38c0394000 ---p 00000000 00:00 0 
7f38c0394000-7f38c0399000 rw-p 00000000 00:00 0 
7f38c0399000-7f38c047f000 ---p 00000000 00:00 0 
7f38c047f000-7f38c0484000 rw-p 00000000 00:00 0 
7f38c0484000-7f38c048b000 ---p 00000000 00:00 0 
7f38c048b000-7f38c048d000 r--p 00000000 08:05 832725                     /usr/lib/jvm/java-11-openjdk-amd64/lib/libzip.so
7f38c048d000-7f38c0492000 r-xp 00002000 08:05 832725                     /usr/lib/jvm/java-11-openjdk-amd64/lib/libzip.so
7f38c0492000-7f38c0494000 r--p 00007000 08:05 832725                     /usr/lib/jvm/java-11-openjdk-amd64/lib/libzip.so
7f38c0494000-7f38c0495000 r--p 00008000 08:05 832725                     /usr/lib/jvm/java-11-openjdk-amd64/lib/libzip.so
7f38c0495000-7f38c0496000 rw-p 00009000 08:05 832725                     /usr/lib/jvm/java-11-openjdk-amd64/lib/libzip.so
7f38c0496000-7f38c0499000 r--p 00000000 08:05 664158                     /usr/lib/x86_64-linux-gnu/libnss_files-2.31.so
7f38c0499000-7f38c04a0000 r-xp 00003000 08:05 664158                     /usr/lib/x86_64-linux-gnu/libnss_files-2.31.so
7f38c04a0000-7f38c04a2000 r--p 0000a000 08:05 664158                     /usr/lib/x86_64-linux-gnu/libnss_files-2.31.so
7f38c04a2000-7f38c04a3000 r--p 0000b000 08:05 664158                     /usr/lib/x86_64-linux-gnu/libnss_files-2.31.so
7f38c04a3000-7f38c04a4000 rw-p 0000c000 08:05 664158                     /usr/lib/x86_64-linux-gnu/libnss_files-2.31.so
7f38c04a4000-7f38c04aa000 rw-p 00000000 00:00 0 
7f38c04aa000-7f38c04ab000 r--p 00000000 07:03 4635                       /snap/code/129/usr/lib/locale/lzh_TW/LC_TIME
7f38c04ab000-7f38c04ac000 r--p 00000000 07:03 1452                       /snap/code/129/usr/lib/locale/cmn_TW/LC_MONETARY
7f38c04ac000-7f38c04b3000 r--s 00000000 08:05 1054381                    /usr/lib/x86_64-linux-gnu/gconv/gconv-modules.cache
7f38c04b3000-7f38c04bb000 rw-s 00000000 08:05 1183931                    /tmp/hsperfdata_annie/4836
7f38c04bb000-7f38c04c9000 r--p 00000000 08:05 832705                     /usr/lib/jvm/java-11-openjdk-amd64/lib/libjava.so
7f38c04c9000-7f38c04df000 r-xp 0000e000 08:05 832705                     /usr/lib/jvm/java-11-openjdk-amd64/lib/libjava.so
7f38c04df000-7f38c04e6000 r--p 00024000 08:05 832705                     /usr/lib/jvm/java-11-openjdk-amd64/lib/libjava.so
7f38c04e6000-7f38c04e7000 r--p 0002a000 08:05 832705                     /usr/lib/jvm/java-11-openjdk-amd64/lib/libjava.so
7f38c04e7000-7f38c04e8000 rw-p 0002b000 08:05 832705                     /usr/lib/jvm/java-11-openjdk-amd64/lib/libjava.so
7f38c04e8000-7f38c04e9000 rw-p 00000000 00:00 0 
7f38c04e9000-7f38c04ee000 r--p 00000000 08:05 832724                     /usr/lib/jvm/java-11-openjdk-amd64/lib/libverify.so
7f38c04ee000-7f38c04f5000 r-xp 00005000 08:05 832724                     /usr/lib/jvm/java-11-openjdk-amd64/lib/libverify.so
7f38c04f5000-7f38c04f7000 r--p 0000c000 08:05 832724                     /usr/lib/jvm/java-11-openjdk-amd64/lib/libverify.so
7f38c04f7000-7f38c04f8000 ---p 0000e000 08:05 832724                     /usr/lib/jvm/java-11-openjdk-amd64/lib/libverify.so
7f38c04f8000-7f38c04fa000 r--p 0000e000 08:05 832724                     /usr/lib/jvm/java-11-openjdk-amd64/lib/libverify.so
7f38c04fa000-7f38c04fb000 rw-p 00010000 08:05 832724                     /usr/lib/jvm/java-11-openjdk-amd64/lib/libverify.so
7f38c04fb000-7f38c04fd000 r--p 00000000 08:05 664367                     /usr/lib/x86_64-linux-gnu/librt-2.31.so
7f38c04fd000-7f38c0501000 r-xp 00002000 08:05 664367                     /usr/lib/x86_64-linux-gnu/librt-2.31.so
7f38c0501000-7f38c0503000 r--p 00006000 08:05 664367                     /usr/lib/x86_64-linux-gnu/librt-2.31.so
7f38c0503000-7f38c0504000 r--p 00007000 08:05 664367                     /usr/lib/x86_64-linux-gnu/librt-2.31.so
7f38c0504000-7f38c0505000 rw-p 00008000 08:05 664367                     /usr/lib/x86_64-linux-gnu/librt-2.31.so
7f38c0505000-7f38c0509000 ---p 00000000 00:00 0 
7f38c0509000-7f38c0606000 rw-p 00000000 00:00 0 
7f38c0606000-7f38c0609000 r--p 00000000 08:05 663671                     /usr/lib/x86_64-linux-gnu/libgcc_s.so.1
7f38c0609000-7f38c061b000 r-xp 00003000 08:05 663671                     /usr/lib/x86_64-linux-gnu/libgcc_s.so.1
7f38c061b000-7f38c061f000 r--p 00015000 08:05 663671                     /usr/lib/x86_64-linux-gnu/libgcc_s.so.1
7f38c061f000-7f38c0620000 r--p 00018000 08:05 663671                     /usr/lib/x86_64-linux-gnu/libgcc_s.so.1
7f38c0620000-7f38c0621000 rw-p 00019000 08:05 663671                     /usr/lib/x86_64-linux-gnu/libgcc_s.so.1
7f38c0621000-7f38c062e000 r--p 00000000 08:05 664032                     /usr/lib/x86_64-linux-gnu/libm-2.31.so
7f38c062e000-7f38c06d5000 r-xp 0000d000 08:05 664032                     /usr/lib/x86_64-linux-gnu/libm-2.31.so
7f38c06d5000-7f38c076e000 r--p 000b4000 08:05 664032                     /usr/lib/x86_64-linux-gnu/libm-2.31.so
7f38c076e000-7f38c076f000 r--p 0014c000 08:05 664032                     /usr/lib/x86_64-linux-gnu/libm-2.31.so
7f38c076f000-7f38c0770000 rw-p 0014d000 08:05 664032                     /usr/lib/x86_64-linux-gnu/libm-2.31.so
7f38c0770000-7f38c0806000 r--p 00000000 08:05 664476                     /usr/lib/x86_64-linux-gnu/libstdc++.so.6.0.28
7f38c0806000-7f38c08f7000 r-xp 00096000 08:05 664476                     /usr/lib/x86_64-linux-gnu/libstdc++.so.6.0.28
7f38c08f7000-7f38c0940000 r--p 00187000 08:05 664476                     /usr/lib/x86_64-linux-gnu/libstdc++.so.6.0.28
7f38c0940000-7f38c0941000 ---p 001d0000 08:05 664476                     /usr/lib/x86_64-linux-gnu/libstdc++.so.6.0.28
7f38c0941000-7f38c094c000 r--p 001d0000 08:05 664476                     /usr/lib/x86_64-linux-gnu/libstdc++.so.6.0.28
7f38c094c000-7f38c094f000 rw-p 001db000 08:05 664476                     /usr/lib/x86_64-linux-gnu/libstdc++.so.6.0.28
7f38c094f000-7f38c0952000 rw-p 00000000 00:00 0 
7f38c0952000-7f38c0bd4000 r--p 00000000 08:05 832731                     /usr/lib/jvm/java-11-openjdk-amd64/lib/server/libjvm.so
7f38c0bd4000-7f38c1865000 r-xp 00282000 08:05 832731                     /usr/lib/jvm/java-11-openjdk-amd64/lib/server/libjvm.so
7f38c1865000-7f38c1ac4000 r--p 00f13000 08:05 832731                     /usr/lib/jvm/java-11-openjdk-amd64/lib/server/libjvm.so
7f38c1ac4000-7f38c1b88000 r--p 01171000 08:05 832731                     /usr/lib/jvm/java-11-openjdk-amd64/lib/server/libjvm.so
7f38c1b88000-7f38c1bc3000 rw-p 01235000 08:05 832731                     /usr/lib/jvm/java-11-openjdk-amd64/lib/server/libjvm.so
7f38c1bc3000-7f38c1c1c000 rw-p 00000000 00:00 0 
7f38c1c1c000-7f38c1c22000 r--p 00000000 08:05 664302                     /usr/lib/x86_64-linux-gnu/libpthread-2.31.so
7f38c1c22000-7f38c1c33000 r-xp 00006000 08:05 664302                     /usr/lib/x86_64-linux-gnu/libpthread-2.31.so
7f38c1c33000-7f38c1c39000 r--p 00017000 08:05 664302                     /usr/lib/x86_64-linux-gnu/libpthread-2.31.so
7f38c1c39000-7f38c1c3a000 r--p 0001c000 08:05 664302                     /usr/lib/x86_64-linux-gnu/libpthread-2.31.so
7f38c1c3a000-7f38c1c3b000 rw-p 0001d000 08:05 664302                     /usr/lib/x86_64-linux-gnu/libpthread-2.31.so
7f38c1c3b000-7f38c1c3f000 rw-p 00000000 00:00 0 
7f38c1c3f000-7f38c1c40000 r--p 00000000 08:05 663517                     /usr/lib/x86_64-linux-gnu/libdl-2.31.so
7f38c1c40000-7f38c1c42000 r-xp 00001000 08:05 663517                     /usr/lib/x86_64-linux-gnu/libdl-2.31.so
7f38c1c42000-7f38c1c43000 r--p 00003000 08:05 663517                     /usr/lib/x86_64-linux-gnu/libdl-2.31.so
7f38c1c43000-7f38c1c44000 r--p 00003000 08:05 663517                     /usr/lib/x86_64-linux-gnu/libdl-2.31.so
7f38c1c44000-7f38c1c45000 rw-p 00004000 08:05 663517                     /usr/lib/x86_64-linux-gnu/libdl-2.31.so
7f38c1c45000-7f38c1c47000 r--p 00000000 08:05 655642                     /usr/lib/x86_64-linux-gnu/libz.so.1.2.11
7f38c1c47000-7f38c1c58000 r-xp 00002000 08:05 655642                     /usr/lib/x86_64-linux-gnu/libz.so.1.2.11
7f38c1c58000-7f38c1c5e000 r--p 00013000 08:05 655642                     /usr/lib/x86_64-linux-gnu/libz.so.1.2.11
7f38c1c5e000-7f38c1c5f000 ---p 00019000 08:05 655642                     /usr/lib/x86_64-linux-gnu/libz.so.1.2.11
7f38c1c5f000-7f38c1c60000 r--p 00019000 08:05 655642                     /usr/lib/x86_64-linux-gnu/libz.so.1.2.11
7f38c1c60000-7f38c1c61000 rw-p 0001a000 08:05 655642                     /usr/lib/x86_64-linux-gnu/libz.so.1.2.11
7f38c1c61000-7f38c1c83000 r--p 00000000 08:05 663374                     /usr/lib/x86_64-linux-gnu/libc-2.31.so
7f38c1c83000-7f38c1dfb000 r-xp 00022000 08:05 663374                     /usr/lib/x86_64-linux-gnu/libc-2.31.so
7f38c1dfb000-7f38c1e49000 r--p 0019a000 08:05 663374                     /usr/lib/x86_64-linux-gnu/libc-2.31.so
7f38c1e49000-7f38c1e4d000 r--p 001e7000 08:05 663374                     /usr/lib/x86_64-linux-gnu/libc-2.31.so
7f38c1e4d000-7f38c1e4f000 rw-p 001eb000 08:05 663374                     /usr/lib/x86_64-linux-gnu/libc-2.31.so
7f38c1e4f000-7f38c1e53000 rw-p 00000000 00:00 0 
7f38c1e53000-7f38c1e54000 r--p 00000000 07:03 2039                       /snap/code/129/usr/lib/locale/en_CA.utf8/LC_MESSAGES/SYS_LC_MESSAGES
7f38c1e54000-7f38c1e55000 r--p 00000000 07:03 195                        /snap/code/129/usr/lib/locale/aa_DJ.utf8/LC_PAPER
7f38c1e55000-7f38c1e56000 r--p 00000000 07:03 4631                       /snap/code/129/usr/lib/locale/lzh_TW/LC_NAME
7f38c1e56000-7f38c1e57000 r--p 00000000 07:03 4623                       /snap/code/129/usr/lib/locale/lzh_TW/LC_ADDRESS
7f38c1e57000-7f38c1e58000 r--p 00000000 07:03 1456                       /snap/code/129/usr/lib/locale/cmn_TW/LC_TELEPHONE
7f38c1e58000-7f38c1e59000 r--p 00000000 07:03 189                        /snap/code/129/usr/lib/locale/aa_DJ.utf8/LC_MEASUREMENT
7f38c1e59000-7f38c1e5a000 ---p 00000000 00:00 0 
7f38c1e5a000-7f38c1e5b000 r--p 00000000 00:00 0 
7f38c1e5b000-7f38c1e5d000 r--p 00000000 08:05 832708                     /usr/lib/jvm/java-11-openjdk-amd64/lib/libjimage.so
7f38c1e5d000-7f38c1e60000 r-xp 00002000 08:05 832708                     /usr/lib/jvm/java-11-openjdk-amd64/lib/libjimage.so
7f38c1e60000-7f38c1e61000 r--p 00005000 08:05 832708                     /usr/lib/jvm/java-11-openjdk-amd64/lib/libjimage.so
7f38c1e61000-7f38c1e62000 ---p 00006000 08:05 832708                     /usr/lib/jvm/java-11-openjdk-amd64/lib/libjimage.so
7f38c1e62000-7f38c1e63000 r--p 00006000 08:05 832708                     /usr/lib/jvm/java-11-openjdk-amd64/lib/libjimage.so
7f38c1e63000-7f38c1e64000 rw-p 00007000 08:05 832708                     /usr/lib/jvm/java-11-openjdk-amd64/lib/libjimage.so
7f38c1e64000-7f38c1e67000 r--p 00000000 08:05 832690                     /usr/lib/jvm/java-11-openjdk-amd64/lib/jli/libjli.so
7f38c1e67000-7f38c1e71000 r-xp 00003000 08:05 832690                     /usr/lib/jvm/java-11-openjdk-amd64/lib/jli/libjli.so
7f38c1e71000-7f38c1e74000 r--p 0000d000 08:05 832690                     /usr/lib/jvm/java-11-openjdk-amd64/lib/jli/libjli.so
7f38c1e74000-7f38c1e75000 ---p 00010000 08:05 832690                     /usr/lib/jvm/java-11-openjdk-amd64/lib/jli/libjli.so
7f38c1e75000-7f38c1e76000 r--p 00010000 08:05 832690                     /usr/lib/jvm/java-11-openjdk-amd64/lib/jli/libjli.so
7f38c1e76000-7f38c1e77000 rw-p 00011000 08:05 832690                     /usr/lib/jvm/java-11-openjdk-amd64/lib/jli/libjli.so
7f38c1e77000-7f38c1e79000 rw-p 00000000 00:00 0 
7f38c1e79000-7f38c1e7a000 r--p 00000000 08:05 663154                     /usr/lib/x86_64-linux-gnu/ld-2.31.so
7f38c1e7a000-7f38c1e9d000 r-xp 00001000 08:05 663154                     /usr/lib/x86_64-linux-gnu/ld-2.31.so
7f38c1e9d000-7f38c1ea5000 r--p 00024000 08:05 663154                     /usr/lib/x86_64-linux-gnu/ld-2.31.so
7f38c1ea5000-7f38c1ea6000 r--p 00000000 07:03 4626                       /snap/code/129/usr/lib/locale/lzh_TW/LC_IDENTIFICATION
7f38c1ea6000-7f38c1ea7000 r--p 0002c000 08:05 663154                     /usr/lib/x86_64-linux-gnu/ld-2.31.so
7f38c1ea7000-7f38c1ea8000 rw-p 0002d000 08:05 663154                     /usr/lib/x86_64-linux-gnu/ld-2.31.so
7f38c1ea8000-7f38c1ea9000 rw-p 00000000 00:00 0 
7ffed2b69000-7ffed2b8b000 rw-p 00000000 00:00 0                          [stack]
7ffed2be2000-7ffed2be6000 r--p 00000000 00:00 0                          [vvar]
7ffed2be6000-7ffed2be8000 r-xp 00000000 00:00 0                          [vdso]
ffffffffff600000-ffffffffff601000 --xp 00000000 00:00 0                  [vsyscall]


VM Arguments:
jvm_args: -Xverify:none 
java_command: Main
java_class_path (initial): .
Launcher Type: SUN_STANDARD

[Global flags]
     bool BytecodeVerificationLocal                = false                                     {product} {command line}
     bool BytecodeVerificationRemote               = false                                     {product} {command line}
     intx CICompilerCount                          = 2                                         {product} {ergonomic}
     uint ConcGCThreads                            = 1                                         {product} {ergonomic}
     uint G1ConcRefinementThreads                  = 2                                         {product} {ergonomic}
   size_t G1HeapRegionSize                         = 1048576                                   {product} {ergonomic}
    uintx GCDrainStackTargetSize                   = 64                                        {product} {ergonomic}
   size_t InitialHeapSize                          = 65011712                                  {product} {ergonomic}
   size_t MarkStackSize                            = 4194304                                   {product} {ergonomic}
   size_t MaxHeapSize                              = 1029701632                                {product} {ergonomic}
   size_t MaxNewSize                               = 617611264                                 {product} {ergonomic}
   size_t MinHeapDeltaBytes                        = 1048576                                   {product} {ergonomic}
    uintx NonNMethodCodeHeapSize                   = 5825164                                {pd product} {ergonomic}
    uintx NonProfiledCodeHeapSize                  = 122916538                              {pd product} {ergonomic}
    uintx ProfiledCodeHeapSize                     = 122916538                              {pd product} {ergonomic}
    uintx ReservedCodeCacheSize                    = 251658240                              {pd product} {ergonomic}
     bool SegmentedCodeCache                       = true                                      {product} {ergonomic}
     bool UseCompressedClassPointers               = true                                 {lp64_product} {ergonomic}
     bool UseCompressedOops                        = true                                 {lp64_product} {ergonomic}
     bool UseG1GC                                  = true                                      {product} {ergonomic}

Logging:
Log output configuration:
 #0: stdout all=warning uptime,level,tags
 #1: stderr all=off uptime,level,tags

Environment Variables:
PATH=/home/annie/.local/bin:/home/annie/.local/bin:/usr/local/sbin:/usr/local/bin:/usr/sbin:/usr/bin:/sbin:/bin:/usr/games:/usr/local/games:/snap/bin
USERNAME=annie
SHELL=/bin/bash
DISPLAY=:0
LANG=en_CA.UTF-8
LC_NUMERIC=lzh_TW
LC_TIME=lzh_TW
TERM=xterm-256color

Signal Handlers:
SIGSEGV: [libjvm.so+0xe9f840], sa_mask[0]=11111111011111111101111111111110, sa_flags=SA_RESTART|SA_SIGINFO
SIGBUS: [libjvm.so+0xe9f840], sa_mask[0]=11111111011111111101111111111110, sa_flags=SA_RESTART|SA_SIGINFO
SIGFPE: [libjvm.so+0xe9f840], sa_mask[0]=11111111011111111101111111111110, sa_flags=SA_RESTART|SA_SIGINFO
SIGPIPE: [libjvm.so+0xbe53b0], sa_mask[0]=11111111011111111101111111111110, sa_flags=SA_RESTART|SA_SIGINFO
SIGXFSZ: [libjvm.so+0xbe53b0], sa_mask[0]=11111111011111111101111111111110, sa_flags=SA_RESTART|SA_SIGINFO
SIGILL: [libjvm.so+0xe9f840], sa_mask[0]=11111111011111111101111111111110, sa_flags=SA_RESTART|SA_SIGINFO
SIGUSR2: [libjvm.so+0xbe5250], sa_mask[0]=00000000000000000000000000000000, sa_flags=SA_RESTART|SA_SIGINFO
SIGHUP: [libjvm.so+0xbe5900], sa_mask[0]=11111111011111111101111111111110, sa_flags=SA_RESTART|SA_SIGINFO
SIGINT: [libjvm.so+0xbe5900], sa_mask[0]=11111111011111111101111111111110, sa_flags=SA_RESTART|SA_SIGINFO
SIGTERM: [libjvm.so+0xbe5900], sa_mask[0]=11111111011111111101111111111110, sa_flags=SA_RESTART|SA_SIGINFO
SIGQUIT: [libjvm.so+0xbe5900], sa_mask[0]=11111111011111111101111111111110, sa_flags=SA_RESTART|SA_SIGINFO


---------------  S Y S T E M  ---------------

OS:DISTRIB_ID=Ubuntu
DISTRIB_RELEASE=20.04
DISTRIB_CODENAME=focal
DISTRIB_DESCRIPTION="Ubuntu 20.04.6 LTS"
uname:Linux 5.15.0-73-generic #80~20.04.1-Ubuntu SMP Wed May 17 14:58:14 UTC 2023 x86_64
OS uptime: 0 days 0:05 hours
libc:glibc 2.31 NPTL 2.31 
rlimit (soft/hard): STACK 8192k/infinity , CORE 0k/infinity , NPROC 15379/15379 , NOFILE 1048576/1048576 , AS infinity/infinity , CPU infinity/infinity , DATA infinity/infinity , FSIZE infinity/infinity , MEMLOCK 65536k/65536k
load average:0.67 0.60 0.30

/proc/meminfo:
MemTotal:        4018220 kB
MemFree:          869040 kB
MemAvailable:    2404524 kB
Buffers:           53988 kB
Cached:          1722708 kB
SwapCached:            0 kB
Active:           679924 kB
Inactive:        2208852 kB
Active(anon):       1488 kB
Inactive(anon):  1184428 kB
Active(file):     678436 kB
Inactive(file):  1024424 kB
Unevictable:          16 kB
Mlocked:              16 kB
SwapTotal:       1190340 kB
SwapFree:        1190340 kB
Dirty:              4172 kB
Writeback:             0 kB
AnonPages:       1112288 kB
Mapped:           581380 kB
Shmem:             87568 kB
KReclaimable:      70340 kB
Slab:             133096 kB
SReclaimable:      70340 kB
SUnreclaim:        62756 kB
KernelStack:        9808 kB
PageTables:        21100 kB
NFS_Unstable:          0 kB
Bounce:                0 kB
WritebackTmp:          0 kB
CommitLimit:     3199448 kB
Committed_AS:    5547188 kB
VmallocTotal:   34359738367 kB
VmallocUsed:       39448 kB
VmallocChunk:          0 kB
Percpu:             1536 kB
HardwareCorrupted:     0 kB
AnonHugePages:      2048 kB
ShmemHugePages:        0 kB
ShmemPmdMapped:        0 kB
FileHugePages:         0 kB
FilePmdMapped:         0 kB
HugePages_Total:       0
HugePages_Free:        0
HugePages_Rsvd:        0
HugePages_Surp:        0
Hugepagesize:       2048 kB
Hugetlb:               0 kB
DirectMap4k:      169920 kB
DirectMap2M:     4024320 kB

/sys/kernel/mm/transparent_hugepage/enabled:
always [madvise] never
/sys/kernel/mm/transparent_hugepage/defrag (defrag/compaction efforts parameter):
always defer defer+madvise [madvise] never

Process Memory:
Virtual Size: 3568056K (peak: 12388892K)
Resident Set Size: 36176K (peak: 36176K) (anon: 11336K, file: 24840K, shmem: 0K)
Swapped out: 0K
C-Heap outstanding allocations: 11412K, retained: 1575K
glibc malloc tunables: (default)

/proc/sys/kernel/threads-max (system-wide limit on the number of threads):
30759
/proc/sys/vm/max_map_count (maximum number of memory map areas a process may have):
65530
/proc/sys/kernel/pid_max (system-wide limit on number of process identifiers):
4194304

container (cgroup) information:
container_type: cgroupv1
cpu_cpuset_cpus: 0-1
cpu_memory_nodes: 0
active_processor_count: 2
cpu_quota: no quota
cpu_period: 100000
cpu_shares: no shares
memory_limit_in_bytes: unlimited
memory_and_swap_limit_in_bytes: unlimited
memory_soft_limit_in_bytes: unlimited
memory_usage_in_bytes: 1592568 k
memory_max_usage_in_bytes: 1601928 k
kernel_memory_usage_in_bytes: 56252 k
kernel_memory_max_usage_in_bytes: unlimited
kernel_memory_limit_in_bytes: 56892 k
maximum number of tasks: unlimited
current number of tasks: 406

KVM virtualization detected
Steal ticks since vm start: 0
Steal ticks percentage since vm start:  0.000

CPU:total 2 (initial active 2) (2 cores per cpu, 1 threads per core) family 6 model 142 stepping 12 microcode 0x0, cmov, cx8, fxsr, mmx, sse, sse2, sse3, ssse3, sse4.1, sse4.2, popcnt, avx, avx2, aes, clmul, 3dnowpref, lzcnt, tsc, tscinvbit, bmi1, bmi2
CPU Model and flags from /proc/cpuinfo:
model name	: Intel(R) Core(TM) i5-10210U CPU @ 1.60GHz
flags		: fpu vme de pse tsc msr pae mce cx8 apic sep mtrr pge mca cmov pat pse36 clflush mmx fxsr sse sse2 ht syscall nx rdtscp lm constant_tsc rep_good nopl xtopology nonstop_tsc cpuid tsc_known_freq pni pclmulqdq ssse3 cx16 pcid sse4_1 sse4_2 x2apic movbe popcnt aes xsave avx rdrand hypervisor lahf_lm abm 3dnowprefetch invpcid_single fsgsbase bmi1 avx2 bmi2 invpcid rdseed clflushopt md_clear flush_l1d arch_capabilities
Online cpus:
0-1
Offline cpus:

BIOS frequency limitation:
<Not Available>
Frequency switch latency (ns):
<Not Available>
Available cpu frequencies:
<Not Available>
Current governor:
<Not Available>
Core performance/turbo boost:
<Not Available>

Memory: 4k page, physical 4018220k(869040k free), swap 1190340k(1190340k free)

vm_info: OpenJDK 64-Bit Server VM (11.0.19+7-post-Ubuntu-0ubuntu120.04.1) for linux-amd64 JRE (11.0.19+7-post-Ubuntu-0ubuntu120.04.1), built on May 10 2023 00:55:26 by "unknown" with gcc 9.4.0

END.
