#
# A fatal error has been detected by the Java Runtime Environment:
#
#  SIGSEGV (0xb) at pc=0x00007fd6f65bb18c, pid=46995, tid=46996
#
# JRE version: OpenJDK Runtime Environment (11.0.19+7) (build 11.0.19+7-post-Ubuntu-0ubuntu120.04.1)
# Java VM: OpenJDK 64-Bit Server VM (11.0.19+7-post-Ubuntu-0ubuntu120.04.1, mixed mode, sharing, tiered, compressed oops, g1 gc, linux-amd64)
# Problematic frame:
# V  [libjvm.so+0xa6518c]  LinkResolver::resolve_invokevirtual(CallInfo&, Handle, constantPoolHandle const&, int, Thread*)+0xec
#
# Core dump will be written. Default location: Core dumps may be processed with "/usr/share/apport/apport -p%p -s%s -c%c -d%d -P%P -u%u -g%g -- %E" (or dumping to /home/annie/Desktop/CompilerHW/hw3/core.46995)
#
# If you would like to submit a bug report, please visit:
#   https://bugs.launchpad.net/ubuntu/+source/openjdk-lts
#

---------------  S U M M A R Y ------------

Command Line: -Xverify:none Main

Host: Intel(R) Core(TM) i5-10210U CPU @ 1.60GHz, 2 cores, 3G, Ubuntu 20.04.6 LTS
Time: Wed Jun  7 01:38:06 2023 CST elapsed time: 0.049616 seconds (0d 0h 0m 0s)

---------------  T H R E A D  ---------------

Current thread (0x00007fd6f0016000):  JavaThread "main" [_thread_in_vm, id=46996, stack(0x00007fd6f5709000,0x00007fd6f580a000)]

Stack: [0x00007fd6f5709000,0x00007fd6f580a000],  sp=0x00007fd6f5808320,  free space=1020k
Native frames: (J=compiled Java code, A=aot compiled Java code, j=interpreted, Vv=VM code, C=native code)
V  [libjvm.so+0xa6518c]  LinkResolver::resolve_invokevirtual(CallInfo&, Handle, constantPoolHandle const&, int, Thread*)+0xec
V  [libjvm.so+0xa65cbb]  LinkResolver::resolve_invoke(CallInfo&, Handle, constantPoolHandle const&, int, Bytecodes::Code, Thread*)+0x14b
V  [libjvm.so+0x86e003]  InterpreterRuntime::resolve_invoke(JavaThread*, Bytecodes::Code)+0x183
V  [libjvm.so+0x86e671]  InterpreterRuntime::resolve_from_cache(JavaThread*, Bytecodes::Code)+0x41
j  java.lang.String.valueOf(Ljava/lang/Object;)Ljava/lang/String;+10 java.base@11.0.19
j  java.io.PrintStream.print(Ljava/lang/String;)V+2 java.base@11.0.19
j  Main.main([Ljava/lang/String;)V+30
v  ~StubRoutines::call_stub
V  [libjvm.so+0x8748b4]  JavaCalls::call_helper(JavaValue*, methodHandle const&, JavaCallArguments*, Thread*)+0x324
V  [libjvm.so+0x8f0a3d]  jni_invoke_static(JNIEnv_*, JavaValue*, _jobject*, JNICallType, _jmethodID*, JNI_ArgumentPusher*, Thread*) [clone .isra.0] [clone .constprop.0]+0x1ed
V  [libjvm.so+0x8f3150]  jni_CallStaticVoidMethod+0x160
C  [libjli.so+0x5a6a]  JavaMain+0xd5a
C  [libjli.so+0x9cdd]  ThreadJavaMain+0xd

Java frames: (J=compiled Java code, j=interpreted, Vv=VM code)
j  java.lang.String.valueOf(Ljava/lang/Object;)Ljava/lang/String;+10 java.base@11.0.19
j  java.io.PrintStream.print(Ljava/lang/String;)V+2 java.base@11.0.19
j  Main.main([Ljava/lang/String;)V+30
v  ~StubRoutines::call_stub

siginfo: si_signo: 11 (SIGSEGV), si_code: 1 (SEGV_MAPERR), si_addr: 0x000000000000000d

Register to memory mapping:

RAX=0x0000000000000005 is an unknown value
RBX=0x00007fd6f5808330 is pointing into the stack for thread: 0x00007fd6f0016000
RCX=0x0000000000000002 is an unknown value
RDX=0x00007fd6f6ddaa2c: <offset 0x0000000001284a2c> in /usr/lib/jvm/java-11-openjdk-amd64/lib/server/libjvm.so at 0x00007fd6f5b56000
RSP=0x00007fd6f5808320 is pointing into the stack for thread: 0x00007fd6f0016000
RBP=0x00007fd6f58083b0 is pointing into the stack for thread: 0x00007fd6f0016000
RSI=0x00007fd6f5808330 is pointing into the stack for thread: 0x00007fd6f0016000
RDI=0x00007fd6f5808330 is pointing into the stack for thread: 0x00007fd6f0016000
R8 =0x0 is NULL
R9 =0x00007fd6f0015400 points into unknown readable memory: 0x00007fd6c3c00278 | 78 02 c0 c3 d6 7f 00 00
R10=0x00000000000000e8 is an unknown value
R11=0x0000000000000014 is an unknown value
R12=0x00007fd6f00152f0 points into unknown readable memory: 0x0000000000000005 | 05 00 00 00 00 00 00 00
R13=0x00007fd6f0016000 is a thread
R14=0x00007fd6f5808360 is pointing into the stack for thread: 0x00007fd6f0016000
R15=0x00000000000000a5 is an unknown value


Registers:
RAX=0x0000000000000005, RBX=0x00007fd6f5808330, RCX=0x0000000000000002, RDX=0x00007fd6f6ddaa2c
RSP=0x00007fd6f5808320, RBP=0x00007fd6f58083b0, RSI=0x00007fd6f5808330, RDI=0x00007fd6f5808330
R8 =0x0000000000000000, R9 =0x00007fd6f0015400, R10=0x00000000000000e8, R11=0x0000000000000014
R12=0x00007fd6f00152f0, R13=0x00007fd6f0016000, R14=0x00007fd6f5808360, R15=0x00000000000000a5
RIP=0x00007fd6f65bb18c, EFLAGS=0x0000000000010202, CSGSFS=0x002b000000000033, ERR=0x0000000000000004
  TRAPNO=0x000000000000000e

Top of Stack: (sp=0x00007fd6f5808320)
0x00007fd6f5808320:   00007fd6f58084f0 00007fd6f00152f0
0x00007fd6f5808330:   0000000000000000 0000000000000000
0x00007fd6f5808340:   00000008004cb698 00000008004cda30
0x00007fd6f5808350:   0000000800002478 0000000800330290 

Instructions: (pc=0x00007fd6f65bb18c)
0x00007fd6f65bb08c:   ee e8 fe fa ff ff 58 5a e9 68 ff ff ff 90 66 0f
0x00007fd6f65bb09c:   1f 44 00 00 f3 0f 1e fa 55 66 0f ef c0 48 89 e5
0x00007fd6f65bb0ac:   41 57 41 89 cf 41 56 4c 8d 75 b0 41 55 4d 89 c5
0x00007fd6f65bb0bc:   41 54 49 89 f4 53 48 89 d3 4c 89 c2 48 83 ec 68
0x00007fd6f65bb0cc:   48 89 bd 70 ff ff ff 48 8b 3b 48 89 b5 78 ff ff
0x00007fd6f65bb0dc:   ff 89 ce c6 45 c1 00 0f 29 45 b0 e8 64 e4 c0 ff
0x00007fd6f65bb0ec:   49 83 7d 08 00 48 89 45 a0 74 19 4c 89 f7 e8 61
0x00007fd6f65bb0fc:   c7 d9 ff 48 8d 65 d8 5b 41 5c 41 5d 41 5e 41 5f
0x00007fd6f65bb10c:   5d c3 66 90 48 8b 3b 31 d2 44 89 fe e8 73 af c0
0x00007fd6f65bb11c:   ff 48 8b 3b 31 d2 44 89 fe 48 89 45 90 e8 f2 af
0x00007fd6f65bb12c:   c0 ff 48 8b 3b 31 d2 44 89 fe 48 89 45 98 e8 f1
0x00007fd6f65bb13c:   b0 c0 ff 66 0f ef c9 4c 89 f7 88 45 c1 48 8b 03
0x00007fd6f65bb14c:   48 8d 5d 80 48 89 de 48 8b 40 18 0f 29 4d 80 48
0x00007fd6f65bb15c:   89 45 a8 e8 1c cc d9 ff 48 89 df e8 f4 c6 d9 ff
0x00007fd6f65bb16c:   49 83 7d 08 00 c6 45 c0 01 75 80 4d 85 e4 74 2b
0x00007fd6f65bb17c:   48 8d 15 a9 f8 81 00 49 8b 04 24 80 3a 00 74 74
0x00007fd6f65bb18c:   44 8b 78 08 48 8d 05 f9 26 7f 00 8b 48 08 49 d3
0x00007fd6f65bb19c:   e7 4c 03 38 4c 89 bd 78 ff ff ff 48 8d 75 90 4c
0x00007fd6f65bb1ac:   89 ea 48 89 df e8 da f3 ff ff 49 83 7d 08 00 74
0x00007fd6f65bb1bc:   13 48 89 df e8 9b c6 d9 ff e9 2d ff ff ff 66 0f
0x00007fd6f65bb1cc:   1f 44 00 00 48 83 ec 08 48 8b 55 a0 4c 89 e1 48
0x00007fd6f65bb1dc:   89 de 41 55 4c 8b 85 78 ff ff ff 41 b9 01 00 00
0x00007fd6f65bb1ec:   00 48 8b bd 70 ff ff ff e8 97 f9 ff ff 58 5a eb
0x00007fd6f65bb1fc:   c0 0f 1f 00 48 8b 40 08 48 89 85 78 ff ff ff eb
0x00007fd6f65bb20c:   9a 90 66 90 f3 0f 1e fa 55 45 89 cb 48 89 e5 41
0x00007fd6f65bb21c:   57 49 89 f7 41 56 41 55 4d 89 c5 41 54 49 89 d4
0x00007fd6f65bb22c:   53 48 89 fb 48 81 ec 18 01 00 00 45 84 c9 74 09
0x00007fd6f65bb23c:   48 85 c9 0f 84 a3 03 00 00 41 8b 54 24 10 4d 3b
0x00007fd6f65bb24c:   64 15 00 0f 84 fc 00 00 00 83 fa 20 0f 84 d2 00
0x00007fd6f65bb25c:   00 00 48 8b 45 10 4c 89 e7 4c 8b b8 78 02 00 00
0x00007fd6f65bb26c:   49 8b 47 18 49 8b 5f 10 4d 8b 77 20 48 89 85 e0
0x00007fd6f65bb27c:   fe ff ff 49 8b 47 28 48 89 85 d8 fe ff ff e8 01 


Stack slot to memory mapping:
stack at sp + 0 slots: 0x00007fd6f58084f0 is pointing into the stack for thread: 0x00007fd6f0016000
stack at sp + 1 slots: 0x00007fd6f00152f0 points into unknown readable memory: 0x0000000000000005 | 05 00 00 00 00 00 00 00
stack at sp + 2 slots: 0x0 is NULL
stack at sp + 3 slots: 0x0 is NULL
stack at sp + 4 slots: 0x00000008004cb698 is pointing into metadata
stack at sp + 5 slots: 0x00000008004cda30 is pointing into metadata
stack at sp + 6 slots: 0x0000000800002478 is pointing into metadata
stack at sp + 7 slots: 0x0000000800330290 is pointing into metadata


---------------  P R O C E S S  ---------------

Threads class SMR info:
_java_thread_list=0x00007fd6f01003d0, length=9, elements={
0x00007fd6f0016000, 0x00007fd6f00b6800, 0x00007fd6f00b8800, 0x00007fd6f00c3000,
0x00007fd6f00c5000, 0x00007fd6f00c7800, 0x00007fd6f00c9800, 0x00007fd6f00cb800,
0x00007fd6f00ff000
}

Java Threads: ( => current thread )
=>0x00007fd6f0016000 JavaThread "main" [_thread_in_vm, id=46996, stack(0x00007fd6f5709000,0x00007fd6f580a000)]
  0x00007fd6f00b6800 JavaThread "Reference Handler" daemon [_thread_blocked, id=47004, stack(0x00007fd6f4274000,0x00007fd6f4375000)]
  0x00007fd6f00b8800 JavaThread "Finalizer" daemon [_thread_blocked, id=47005, stack(0x00007fd6f4173000,0x00007fd6f4274000)]
  0x00007fd6f00c3000 JavaThread "Signal Dispatcher" daemon [_thread_blocked, id=47006, stack(0x00007fd6f401d000,0x00007fd6f411e000)]
  0x00007fd6f00c5000 JavaThread "Service Thread" daemon [_thread_blocked, id=47007, stack(0x00007fd6d847c000,0x00007fd6d857d000)]
  0x00007fd6f00c7800 JavaThread "C2 CompilerThread0" daemon [_thread_blocked, id=47008, stack(0x00007fd6d837b000,0x00007fd6d847c000)]
  0x00007fd6f00c9800 JavaThread "C1 CompilerThread0" daemon [_thread_blocked, id=47009, stack(0x00007fd6d827a000,0x00007fd6d837b000)]
  0x00007fd6f00cb800 JavaThread "Sweeper thread" daemon [_thread_blocked, id=47010, stack(0x00007fd6d8179000,0x00007fd6d827a000)]
  0x00007fd6f00ff000 JavaThread "Common-Cleaner" daemon [_thread_blocked, id=47013, stack(0x00007fd6d004f000,0x00007fd6d0150000)]

Other Threads:
  0x00007fd6f00b3800 VMThread "VM Thread" [stack: 0x00007fd6f4377000,0x00007fd6f4477000] [id=47003]
  0x00007fd6f00fc800 WatcherThread [stack: 0x00007fd6d8079000,0x00007fd6d8179000] [id=47012]
  0x00007fd6f002d800 GCTaskThread "GC Thread#0" [stack: 0x00007fd6f53ad000,0x00007fd6f54ad000] [id=46997]
  0x00007fd6f0048800 ConcurrentGCThread "G1 Main Marker" [stack: 0x00007fd6f4ac7000,0x00007fd6f4bc7000] [id=46998]
  0x00007fd6f004a800 ConcurrentGCThread "G1 Conc#0" [stack: 0x00007fd6f49c5000,0x00007fd6f4ac5000] [id=46999]
  0x00007fd6f0085800 ConcurrentGCThread "G1 Refine#0" [stack: 0x00007fd6f46c1000,0x00007fd6f47c1000] [id=47000]
  0x00007fd6f0087800 ConcurrentGCThread "G1 Young RemSet Sampling" [stack: 0x00007fd6f45bf000,0x00007fd6f46bf000] [id=47002]

Threads with active compile tasks:

VM state:not at safepoint (normal execution)

VM Mutex/Monitor currently owned by a thread: None

Heap address: 0x00000000c2a00000, size: 982 MB, Compressed Oops mode: 32-bit
Narrow klass base: 0x0000000800000000, Narrow klass shift: 3
Compressed class space size: 1073741824 Address: 0x0000000840000000

Heap:
 garbage-first heap   total 65536K, used 712K [0x00000000c2a00000, 0x0000000100000000)
  region size 1024K, 1 young (1024K), 0 survivors (0K)
 Metaspace       used 149K, capacity 4486K, committed 4864K, reserved 1056768K
  class space    used 5K, capacity 386K, committed 512K, reserved 1048576K
Heap Regions: E=young(eden), S=young(survivor), O=old, HS=humongous(starts), HC=humongous(continues), CS=collection set, F=free, A=archive, TAMS=top-at-mark-start (previous, next)
|   0|0x00000000c2a00000, 0x00000000c2a00000, 0x00000000c2b00000|  0%| F|  |TAMS 0x00000000c2a00000, 0x00000000c2a00000| Untracked 
|   1|0x00000000c2b00000, 0x00000000c2b00000, 0x00000000c2c00000|  0%| F|  |TAMS 0x00000000c2b00000, 0x00000000c2b00000| Untracked 
|   2|0x00000000c2c00000, 0x00000000c2c00000, 0x00000000c2d00000|  0%| F|  |TAMS 0x00000000c2c00000, 0x00000000c2c00000| Untracked 
|   3|0x00000000c2d00000, 0x00000000c2d00000, 0x00000000c2e00000|  0%| F|  |TAMS 0x00000000c2d00000, 0x00000000c2d00000| Untracked 
|   4|0x00000000c2e00000, 0x00000000c2e00000, 0x00000000c2f00000|  0%| F|  |TAMS 0x00000000c2e00000, 0x00000000c2e00000| Untracked 
|   5|0x00000000c2f00000, 0x00000000c2f00000, 0x00000000c3000000|  0%| F|  |TAMS 0x00000000c2f00000, 0x00000000c2f00000| Untracked 
|   6|0x00000000c3000000, 0x00000000c3000000, 0x00000000c3100000|  0%| F|  |TAMS 0x00000000c3000000, 0x00000000c3000000| Untracked 
|   7|0x00000000c3100000, 0x00000000c3100000, 0x00000000c3200000|  0%| F|  |TAMS 0x00000000c3100000, 0x00000000c3100000| Untracked 
|   8|0x00000000c3200000, 0x00000000c3200000, 0x00000000c3300000|  0%| F|  |TAMS 0x00000000c3200000, 0x00000000c3200000| Untracked 
|   9|0x00000000c3300000, 0x00000000c3300000, 0x00000000c3400000|  0%| F|  |TAMS 0x00000000c3300000, 0x00000000c3300000| Untracked 
|  10|0x00000000c3400000, 0x00000000c3400000, 0x00000000c3500000|  0%| F|  |TAMS 0x00000000c3400000, 0x00000000c3400000| Untracked 
|  11|0x00000000c3500000, 0x00000000c3500000, 0x00000000c3600000|  0%| F|  |TAMS 0x00000000c3500000, 0x00000000c3500000| Untracked 
|  12|0x00000000c3600000, 0x00000000c3600000, 0x00000000c3700000|  0%| F|  |TAMS 0x00000000c3600000, 0x00000000c3600000| Untracked 
|  13|0x00000000c3700000, 0x00000000c3700000, 0x00000000c3800000|  0%| F|  |TAMS 0x00000000c3700000, 0x00000000c3700000| Untracked 
|  14|0x00000000c3800000, 0x00000000c3800000, 0x00000000c3900000|  0%| F|  |TAMS 0x00000000c3800000, 0x00000000c3800000| Untracked 
|  15|0x00000000c3900000, 0x00000000c3900000, 0x00000000c3a00000|  0%| F|  |TAMS 0x00000000c3900000, 0x00000000c3900000| Untracked 
|  16|0x00000000c3a00000, 0x00000000c3a00000, 0x00000000c3b00000|  0%| F|  |TAMS 0x00000000c3a00000, 0x00000000c3a00000| Untracked 
|  17|0x00000000c3b00000, 0x00000000c3b00000, 0x00000000c3c00000|  0%| F|  |TAMS 0x00000000c3b00000, 0x00000000c3b00000| Untracked 
|  18|0x00000000c3c00000, 0x00000000c3c00000, 0x00000000c3d00000|  0%| F|  |TAMS 0x00000000c3c00000, 0x00000000c3c00000| Untracked 
|  19|0x00000000c3d00000, 0x00000000c3d00000, 0x00000000c3e00000|  0%| F|  |TAMS 0x00000000c3d00000, 0x00000000c3d00000| Untracked 
|  20|0x00000000c3e00000, 0x00000000c3e00000, 0x00000000c3f00000|  0%| F|  |TAMS 0x00000000c3e00000, 0x00000000c3e00000| Untracked 
|  21|0x00000000c3f00000, 0x00000000c3f00000, 0x00000000c4000000|  0%| F|  |TAMS 0x00000000c3f00000, 0x00000000c3f00000| Untracked 
|  22|0x00000000c4000000, 0x00000000c4000000, 0x00000000c4100000|  0%| F|  |TAMS 0x00000000c4000000, 0x00000000c4000000| Untracked 
|  23|0x00000000c4100000, 0x00000000c4100000, 0x00000000c4200000|  0%| F|  |TAMS 0x00000000c4100000, 0x00000000c4100000| Untracked 
|  24|0x00000000c4200000, 0x00000000c4200000, 0x00000000c4300000|  0%| F|  |TAMS 0x00000000c4200000, 0x00000000c4200000| Untracked 
|  25|0x00000000c4300000, 0x00000000c4300000, 0x00000000c4400000|  0%| F|  |TAMS 0x00000000c4300000, 0x00000000c4300000| Untracked 
|  26|0x00000000c4400000, 0x00000000c4400000, 0x00000000c4500000|  0%| F|  |TAMS 0x00000000c4400000, 0x00000000c4400000| Untracked 
|  27|0x00000000c4500000, 0x00000000c4500000, 0x00000000c4600000|  0%| F|  |TAMS 0x00000000c4500000, 0x00000000c4500000| Untracked 
|  28|0x00000000c4600000, 0x00000000c4600000, 0x00000000c4700000|  0%| F|  |TAMS 0x00000000c4600000, 0x00000000c4600000| Untracked 
|  29|0x00000000c4700000, 0x00000000c4700000, 0x00000000c4800000|  0%| F|  |TAMS 0x00000000c4700000, 0x00000000c4700000| Untracked 
|  30|0x00000000c4800000, 0x00000000c4800000, 0x00000000c4900000|  0%| F|  |TAMS 0x00000000c4800000, 0x00000000c4800000| Untracked 
|  31|0x00000000c4900000, 0x00000000c4900000, 0x00000000c4a00000|  0%| F|  |TAMS 0x00000000c4900000, 0x00000000c4900000| Untracked 
|  32|0x00000000c4a00000, 0x00000000c4a00000, 0x00000000c4b00000|  0%| F|  |TAMS 0x00000000c4a00000, 0x00000000c4a00000| Untracked 
|  33|0x00000000c4b00000, 0x00000000c4b00000, 0x00000000c4c00000|  0%| F|  |TAMS 0x00000000c4b00000, 0x00000000c4b00000| Untracked 
|  34|0x00000000c4c00000, 0x00000000c4c00000, 0x00000000c4d00000|  0%| F|  |TAMS 0x00000000c4c00000, 0x00000000c4c00000| Untracked 
|  35|0x00000000c4d00000, 0x00000000c4d00000, 0x00000000c4e00000|  0%| F|  |TAMS 0x00000000c4d00000, 0x00000000c4d00000| Untracked 
|  36|0x00000000c4e00000, 0x00000000c4e00000, 0x00000000c4f00000|  0%| F|  |TAMS 0x00000000c4e00000, 0x00000000c4e00000| Untracked 
|  37|0x00000000c4f00000, 0x00000000c4f00000, 0x00000000c5000000|  0%| F|  |TAMS 0x00000000c4f00000, 0x00000000c4f00000| Untracked 
|  38|0x00000000c5000000, 0x00000000c5000000, 0x00000000c5100000|  0%| F|  |TAMS 0x00000000c5000000, 0x00000000c5000000| Untracked 
|  39|0x00000000c5100000, 0x00000000c5100000, 0x00000000c5200000|  0%| F|  |TAMS 0x00000000c5100000, 0x00000000c5100000| Untracked 
|  40|0x00000000c5200000, 0x00000000c5200000, 0x00000000c5300000|  0%| F|  |TAMS 0x00000000c5200000, 0x00000000c5200000| Untracked 
|  41|0x00000000c5300000, 0x00000000c5300000, 0x00000000c5400000|  0%| F|  |TAMS 0x00000000c5300000, 0x00000000c5300000| Untracked 
|  42|0x00000000c5400000, 0x00000000c5400000, 0x00000000c5500000|  0%| F|  |TAMS 0x00000000c5400000, 0x00000000c5400000| Untracked 
|  43|0x00000000c5500000, 0x00000000c5500000, 0x00000000c5600000|  0%| F|  |TAMS 0x00000000c5500000, 0x00000000c5500000| Untracked 
|  44|0x00000000c5600000, 0x00000000c5600000, 0x00000000c5700000|  0%| F|  |TAMS 0x00000000c5600000, 0x00000000c5600000| Untracked 
|  45|0x00000000c5700000, 0x00000000c5700000, 0x00000000c5800000|  0%| F|  |TAMS 0x00000000c5700000, 0x00000000c5700000| Untracked 
|  46|0x00000000c5800000, 0x00000000c5800000, 0x00000000c5900000|  0%| F|  |TAMS 0x00000000c5800000, 0x00000000c5800000| Untracked 
|  47|0x00000000c5900000, 0x00000000c5900000, 0x00000000c5a00000|  0%| F|  |TAMS 0x00000000c5900000, 0x00000000c5900000| Untracked 
|  48|0x00000000c5a00000, 0x00000000c5a00000, 0x00000000c5b00000|  0%| F|  |TAMS 0x00000000c5a00000, 0x00000000c5a00000| Untracked 
|  49|0x00000000c5b00000, 0x00000000c5b00000, 0x00000000c5c00000|  0%| F|  |TAMS 0x00000000c5b00000, 0x00000000c5b00000| Untracked 
|  50|0x00000000c5c00000, 0x00000000c5c00000, 0x00000000c5d00000|  0%| F|  |TAMS 0x00000000c5c00000, 0x00000000c5c00000| Untracked 
|  51|0x00000000c5d00000, 0x00000000c5d00000, 0x00000000c5e00000|  0%| F|  |TAMS 0x00000000c5d00000, 0x00000000c5d00000| Untracked 
|  52|0x00000000c5e00000, 0x00000000c5e00000, 0x00000000c5f00000|  0%| F|  |TAMS 0x00000000c5e00000, 0x00000000c5e00000| Untracked 
|  53|0x00000000c5f00000, 0x00000000c5f00000, 0x00000000c6000000|  0%| F|  |TAMS 0x00000000c5f00000, 0x00000000c5f00000| Untracked 
|  54|0x00000000c6000000, 0x00000000c6000000, 0x00000000c6100000|  0%| F|  |TAMS 0x00000000c6000000, 0x00000000c6000000| Untracked 
|  55|0x00000000c6100000, 0x00000000c6100000, 0x00000000c6200000|  0%| F|  |TAMS 0x00000000c6100000, 0x00000000c6100000| Untracked 
|  56|0x00000000c6200000, 0x00000000c6200000, 0x00000000c6300000|  0%| F|  |TAMS 0x00000000c6200000, 0x00000000c6200000| Untracked 
|  57|0x00000000c6300000, 0x00000000c6300000, 0x00000000c6400000|  0%| F|  |TAMS 0x00000000c6300000, 0x00000000c6300000| Untracked 
|  58|0x00000000c6400000, 0x00000000c6400000, 0x00000000c6500000|  0%| F|  |TAMS 0x00000000c6400000, 0x00000000c6400000| Untracked 
|  59|0x00000000c6500000, 0x00000000c6500000, 0x00000000c6600000|  0%| F|  |TAMS 0x00000000c6500000, 0x00000000c6500000| Untracked 
|  60|0x00000000c6600000, 0x00000000c6600000, 0x00000000c6700000|  0%| F|  |TAMS 0x00000000c6600000, 0x00000000c6600000| Untracked 
|  61|0x00000000c6700000, 0x00000000c67b33f8, 0x00000000c6800000| 70%| E|  |TAMS 0x00000000c6700000, 0x00000000c6700000| Complete 
| 980|0x00000000ffe00000, 0x00000000ffe47000, 0x00000000fff00000| 27%|OA|  |TAMS 0x00000000ffe00000, 0x00000000ffe00000| Untracked 
| 981|0x00000000fff00000, 0x00000000fff6b000, 0x0000000100000000| 41%|CA|  |TAMS 0x00000000fff00000, 0x00000000fff00000| Untracked 

Card table byte_map: [0x00007fd6f4dd3000,0x00007fd6f4fbe000] _byte_map_base: 0x00007fd6f47be000

Marking Bits (Prev, Next): (CMBitMap*) 0x00007fd6f0043c28, (CMBitMap*) 0x00007fd6f0043c60
 Prev Bits: [0x00007fd6d30a8000, 0x00007fd6d4000000)
 Next Bits: [0x00007fd6d2150000, 0x00007fd6d30a8000)

Polling page: 0x00007fd6f705d000

Metaspace:

Usage:
  Non-class:      4.00 MB capacity,   144.59 KB (  4%) used,     3.86 MB ( 96%) free+waste,   128 bytes ( <1%) overhead. 
      Class:    386.00 KB capacity,     5.18 KB (  1%) used,   380.70 KB ( 99%) free+waste,   128 bytes ( <1%) overhead. 
       Both:      4.38 MB capacity,   149.77 KB (  3%) used,     4.23 MB ( 97%) free+waste,   256 bytes ( <1%) overhead. 

Virtual space:
  Non-class space:        8.00 MB reserved,       4.25 MB ( 53%) committed 
      Class space:        1.00 GB reserved,     512.00 KB ( <1%) committed 
             Both:        1.01 GB reserved,       4.75 MB ( <1%) committed 

Chunk freelists:
   Non-Class:  0 bytes
       Class:  0 bytes
        Both:  0 bytes

MaxMetaspaceSize: unlimited
CompressedClassSpaceSize: 1.00 GB
Initial GC threshold: 20.80 MB
Current GC threshold: 20.80 MB
CDS: on

CodeHeap 'non-profiled nmethods': size=120036Kb used=11Kb max_used=11Kb free=120024Kb
 bounds [0x00007fd6e02bc000, 0x00007fd6e052c000, 0x00007fd6e77f5000]
CodeHeap 'profiled nmethods': size=120032Kb used=69Kb max_used=69Kb free=119962Kb
 bounds [0x00007fd6d8d84000, 0x00007fd6d8ff4000, 0x00007fd6e02bc000]
CodeHeap 'non-nmethods': size=5692Kb used=1020Kb max_used=1027Kb free=4671Kb
 bounds [0x00007fd6d87f5000, 0x00007fd6d8a65000, 0x00007fd6d8d84000]
 total_blobs=292 nmethods=49 adapters=157
 compilation: enabled
              stopped_count=0, restarted_count=0
 full_count=0

Compilation events (20 events):
Event: 0.042 Thread 0x00007fd6f00c7800   45       4       java.util.HashMap::afterNodeInsertion (1 bytes)
Event: 0.042 Thread 0x00007fd6f00c7800 nmethod 45 0x00007fd6e02be990 code [0x00007fd6e02beb20, 0x00007fd6e02beb98]
Event: 0.042 Thread 0x00007fd6f00c9800   41       3       java.util.HashMap::resize (356 bytes)
Event: 0.044 Thread 0x00007fd6f00c9800 nmethod 41 0x00007fd6d8d91210 code [0x00007fd6d8d914e0, 0x00007fd6d8d92a40]
Event: 0.044 Thread 0x00007fd6f00c9800   47       3       java.lang.StringLatin1::equals (36 bytes)
Event: 0.044 Thread 0x00007fd6f00c9800 nmethod 47 0x00007fd6d8d92f10 code [0x00007fd6d8d930e0, 0x00007fd6d8d93330]
Event: 0.044 Thread 0x00007fd6f00c9800   40       3       jdk.internal.module.ModuleBootstrap$2::next (52 bytes)
Event: 0.044 Thread 0x00007fd6f00c9800 nmethod 40 0x00007fd6d8d93490 code [0x00007fd6d8d936a0, 0x00007fd6d8d93c00]
Event: 0.044 Thread 0x00007fd6f00c9800   39       3       jdk.internal.module.ModuleBootstrap$2::hasNext (30 bytes)
Event: 0.044 Thread 0x00007fd6f00c9800 nmethod 39 0x00007fd6d8d93d90 code [0x00007fd6d8d93f60, 0x00007fd6d8d942b0]
Event: 0.044 Thread 0x00007fd6f00c9800   42       3       java.util.HashMap::putIfAbsent (13 bytes)
Event: 0.044 Thread 0x00007fd6f00c9800 nmethod 42 0x00007fd6d8d94390 code [0x00007fd6d8d94560, 0x00007fd6d8d94870]
Event: 0.044 Thread 0x00007fd6f00c9800   44       3       java.util.ImmutableCollections$Set12$1::next (92 bytes)
Event: 0.044 Thread 0x00007fd6f00c9800 nmethod 44 0x00007fd6d8d94990 code [0x00007fd6d8d94b60, 0x00007fd6d8d94de0]
Event: 0.044 Thread 0x00007fd6f00c9800   46       1       java.lang.Module::getDescriptor (5 bytes)
Event: 0.044 Thread 0x00007fd6f00c9800 nmethod 46 0x00007fd6e02bec90 code [0x00007fd6e02bee40, 0x00007fd6e02bef10]
Event: 0.046 Thread 0x00007fd6f00c9800   48       3       java.lang.String::length (11 bytes)
Event: 0.046 Thread 0x00007fd6f00c9800 nmethod 48 0x00007fd6d8d94f10 code [0x00007fd6d8d950c0, 0x00007fd6d8d95270]
Event: 0.046 Thread 0x00007fd6f00c9800   49       3       java.lang.CharacterDataLatin1::getProperties (11 bytes)
Event: 0.046 Thread 0x00007fd6f00c9800 nmethod 49 0x00007fd6d8d95390 code [0x00007fd6d8d95540, 0x00007fd6d8d95690]

GC Heap History (0 events):
No events

Deoptimization events (0 events):
No events

Classes redefined (0 events):
No events

Internal exceptions (0 events):
No events

Events (20 events):
Event: 0.022 Thread 0x00007fd6f00c7800 Thread added: 0x00007fd6f00c7800
Event: 0.022 Protecting memory [0x00007fd6d837b000,0x00007fd6d837f000] with protection modes 0
Event: 0.022 Thread 0x00007fd6f00c9800 Thread added: 0x00007fd6f00c9800
Event: 0.022 Protecting memory [0x00007fd6d827a000,0x00007fd6d827e000] with protection modes 0
Event: 0.023 Thread 0x00007fd6f00cb800 Thread added: 0x00007fd6f00cb800
Event: 0.027 Protecting memory [0x00007fd6d8179000,0x00007fd6d817d000] with protection modes 0
Event: 0.042 Executing VM operation: EnableBiasedLocking
Event: 0.043 Executing VM operation: EnableBiasedLocking done
Event: 0.044 loading class jdk/internal/vm/PostVMInitHook
Event: 0.044 loading class jdk/internal/vm/PostVMInitHook done
Event: 0.045 loading class Main
Event: 0.045 loading class Main done
Event: 0.045 loading class jdk/internal/loader/URLClassPath$FileLoader
Event: 0.045 loading class jdk/internal/loader/URLClassPath$FileLoader done
Event: 0.046 loading class jdk/internal/loader/URLClassPath$FileLoader$1
Event: 0.046 loading class jdk/internal/loader/URLClassPath$FileLoader$1 done
Event: 0.046 Thread 0x00007fd6f00ff000 Thread added: 0x00007fd6f00ff000
Event: 0.046 Protecting memory [0x00007fd6d004f000,0x00007fd6d0053000] with protection modes 0
Event: 0.046 Executing VM operation: RevokeBias
Event: 0.047 Executing VM operation: RevokeBias done


Dynamic libraries:
c2a00000-c6800000 rw-p 00000000 00:00 0 
c6800000-ffe00000 ---p 00000000 00:00 0 
ffe00000-ffe47000 rw-p 00b0a000 08:05 832862                             /usr/lib/jvm/java-11-openjdk-amd64/lib/server/classes.jsa
ffe47000-fff00000 rw-p 00000000 00:00 0 
fff00000-fff6b000 rw-p 00a9f000 08:05 832862                             /usr/lib/jvm/java-11-openjdk-amd64/lib/server/classes.jsa
fff6b000-100000000 rw-p 00000000 00:00 0 
800000000-800002000 rwxp 00001000 08:05 832862                           /usr/lib/jvm/java-11-openjdk-amd64/lib/server/classes.jsa
800002000-8003cc000 rw-p 00003000 08:05 832862                           /usr/lib/jvm/java-11-openjdk-amd64/lib/server/classes.jsa
8003cc000-800a9d000 r--p 003cd000 08:05 832862                           /usr/lib/jvm/java-11-openjdk-amd64/lib/server/classes.jsa
800a9d000-800a9e000 rw-p 00a9e000 08:05 832862                           /usr/lib/jvm/java-11-openjdk-amd64/lib/server/classes.jsa
840000000-840080000 rw-p 00000000 00:00 0 
840080000-880000000 ---p 00000000 00:00 0 
55fd29f9d000-55fd29f9e000 r--p 00000000 08:05 832523                     /usr/lib/jvm/java-11-openjdk-amd64/bin/java
55fd29f9e000-55fd29f9f000 r-xp 00001000 08:05 832523                     /usr/lib/jvm/java-11-openjdk-amd64/bin/java
55fd29f9f000-55fd29fa0000 r--p 00002000 08:05 832523                     /usr/lib/jvm/java-11-openjdk-amd64/bin/java
55fd29fa0000-55fd29fa1000 r--p 00002000 08:05 832523                     /usr/lib/jvm/java-11-openjdk-amd64/bin/java
55fd29fa1000-55fd29fa2000 rw-p 00003000 08:05 832523                     /usr/lib/jvm/java-11-openjdk-amd64/bin/java
55fd2be51000-55fd2be72000 rw-p 00000000 00:00 0                          [heap]
7fd698000000-7fd698021000 rw-p 00000000 00:00 0 
7fd698021000-7fd69c000000 ---p 00000000 00:00 0 
7fd69c000000-7fd69c021000 rw-p 00000000 00:00 0 
7fd69c021000-7fd6a0000000 ---p 00000000 00:00 0 
7fd6a0000000-7fd6a003e000 rw-p 00000000 00:00 0 
7fd6a003e000-7fd6a4000000 ---p 00000000 00:00 0 
7fd6a4000000-7fd6a40ad000 rw-p 00000000 00:00 0 
7fd6a40ad000-7fd6a8000000 ---p 00000000 00:00 0 
7fd6a8000000-7fd6a8021000 rw-p 00000000 00:00 0 
7fd6a8021000-7fd6ac000000 ---p 00000000 00:00 0 
7fd6ac000000-7fd6ac021000 rw-p 00000000 00:00 0 
7fd6ac021000-7fd6b0000000 ---p 00000000 00:00 0 
7fd6b0000000-7fd6b0021000 rw-p 00000000 00:00 0 
7fd6b0021000-7fd6b4000000 ---p 00000000 00:00 0 
7fd6b4000000-7fd6b4021000 rw-p 00000000 00:00 0 
7fd6b4021000-7fd6b8000000 ---p 00000000 00:00 0 
7fd6b8000000-7fd6b8021000 rw-p 00000000 00:00 0 
7fd6b8021000-7fd6bc000000 ---p 00000000 00:00 0 
7fd6bc000000-7fd6bc021000 rw-p 00000000 00:00 0 
7fd6bc021000-7fd6c0000000 ---p 00000000 00:00 0 
7fd6c3448000-7fd6c3c40000 rw-p 00000000 00:00 0 
7fd6c3c40000-7fd6c4000000 ---p 00000000 00:00 0 
7fd6c4000000-7fd6c4021000 rw-p 00000000 00:00 0 
7fd6c4021000-7fd6c8000000 ---p 00000000 00:00 0 
7fd6c8000000-7fd6c8021000 rw-p 00000000 00:00 0 
7fd6c8021000-7fd6cc000000 ---p 00000000 00:00 0 
7fd6cc000000-7fd6cc021000 rw-p 00000000 00:00 0 
7fd6cc021000-7fd6d0000000 ---p 00000000 00:00 0 
7fd6d004f000-7fd6d0053000 ---p 00000000 00:00 0 
7fd6d0053000-7fd6d2248000 rw-p 00000000 00:00 0 
7fd6d2248000-7fd6d30a0000 ---p 00000000 00:00 0 
7fd6d30a0000-7fd6d31a0000 rw-p 00000000 00:00 0 
7fd6d31a0000-7fd6d3ff8000 ---p 00000000 00:00 0 
7fd6d3ff8000-7fd6d4000000 rw-p 00000000 00:00 0 
7fd6d4000000-7fd6d4021000 rw-p 00000000 00:00 0 
7fd6d4021000-7fd6d8000000 ---p 00000000 00:00 0 
7fd6d8077000-7fd6d8078000 ---p 00000000 00:00 0 
7fd6d8078000-7fd6d8179000 rw-p 00000000 00:00 0 
7fd6d8179000-7fd6d817d000 ---p 00000000 00:00 0 
7fd6d817d000-7fd6d827a000 rw-p 00000000 00:00 0 
7fd6d827a000-7fd6d827e000 ---p 00000000 00:00 0 
7fd6d827e000-7fd6d837b000 rw-p 00000000 00:00 0 
7fd6d837b000-7fd6d837f000 ---p 00000000 00:00 0 
7fd6d837f000-7fd6d847c000 rw-p 00000000 00:00 0 
7fd6d847c000-7fd6d8480000 ---p 00000000 00:00 0 
7fd6d8480000-7fd6d857d000 rw-p 00000000 00:00 0 
7fd6d857d000-7fd6d87f5000 r--p 00000000 07:00 2034                       /snap/code/129/usr/lib/locale/en_CA.utf8/LC_COLLATE
7fd6d87f5000-7fd6d8a65000 rwxp 00000000 00:00 0 
7fd6d8a65000-7fd6d8d84000 ---p 00000000 00:00 0 
7fd6d8d84000-7fd6d8ff4000 rwxp 00000000 00:00 0 
7fd6d8ff4000-7fd6e02bc000 ---p 00000000 00:00 0 
7fd6e02bc000-7fd6e052c000 rwxp 00000000 00:00 0 
7fd6e052c000-7fd6e77f5000 ---p 00000000 00:00 0 
7fd6e77f5000-7fd6f0000000 r--s 00000000 08:05 832726                     /usr/lib/jvm/java-11-openjdk-amd64/lib/modules
7fd6f0000000-7fd6f010f000 rw-p 00000000 00:00 0 
7fd6f010f000-7fd6f4000000 ---p 00000000 00:00 0 
7fd6f401d000-7fd6f4021000 ---p 00000000 00:00 0 
7fd6f4021000-7fd6f411e000 rw-p 00000000 00:00 0 
7fd6f411e000-7fd6f4172000 r--p 00000000 07:00 187                        /snap/code/129/usr/lib/locale/aa_DJ.utf8/LC_CTYPE
7fd6f4172000-7fd6f4173000 r--p 00000000 07:00 1454                       /snap/code/129/usr/lib/locale/cmn_TW/LC_NUMERIC
7fd6f4173000-7fd6f4177000 ---p 00000000 00:00 0 
7fd6f4177000-7fd6f4274000 rw-p 00000000 00:00 0 
7fd6f4274000-7fd6f4278000 ---p 00000000 00:00 0 
7fd6f4278000-7fd6f4375000 rw-p 00000000 00:00 0 
7fd6f4375000-7fd6f4376000 ---p 00000000 00:00 0 
7fd6f4376000-7fd6f45bd000 rw-p 00000000 00:00 0 
7fd6f45bd000-7fd6f45be000 ---p 00000000 00:00 0 
7fd6f45be000-7fd6f46bf000 rw-p 00000000 00:00 0 
7fd6f46bf000-7fd6f46c0000 ---p 00000000 00:00 0 
7fd6f46c0000-7fd6f49c3000 rw-p 00000000 00:00 0 
7fd6f49c3000-7fd6f49c4000 ---p 00000000 00:00 0 
7fd6f49c4000-7fd6f4ac5000 rw-p 00000000 00:00 0 
7fd6f4ac5000-7fd6f4ac6000 ---p 00000000 00:00 0 
7fd6f4ac6000-7fd6f4c07000 rw-p 00000000 00:00 0 
7fd6f4c07000-7fd6f4dd2000 ---p 00000000 00:00 0 
7fd6f4dd2000-7fd6f4df2000 rw-p 00000000 00:00 0 
7fd6f4df2000-7fd6f4fbd000 ---p 00000000 00:00 0 
7fd6f4fbd000-7fd6f4fdd000 rw-p 00000000 00:00 0 
7fd6f4fdd000-7fd6f51a8000 ---p 00000000 00:00 0 
7fd6f51a8000-7fd6f53ab000 rw-p 00000000 00:00 0 
7fd6f53ab000-7fd6f53ac000 ---p 00000000 00:00 0 
7fd6f53ac000-7fd6f54b2000 rw-p 00000000 00:00 0 
7fd6f54b2000-7fd6f5598000 ---p 00000000 00:00 0 
7fd6f5598000-7fd6f559d000 rw-p 00000000 00:00 0 
7fd6f559d000-7fd6f5683000 ---p 00000000 00:00 0 
7fd6f5683000-7fd6f5688000 rw-p 00000000 00:00 0 
7fd6f5688000-7fd6f568f000 ---p 00000000 00:00 0 
7fd6f568f000-7fd6f5691000 r--p 00000000 08:05 832725                     /usr/lib/jvm/java-11-openjdk-amd64/lib/libzip.so
7fd6f5691000-7fd6f5696000 r-xp 00002000 08:05 832725                     /usr/lib/jvm/java-11-openjdk-amd64/lib/libzip.so
7fd6f5696000-7fd6f5698000 r--p 00007000 08:05 832725                     /usr/lib/jvm/java-11-openjdk-amd64/lib/libzip.so
7fd6f5698000-7fd6f5699000 r--p 00008000 08:05 832725                     /usr/lib/jvm/java-11-openjdk-amd64/lib/libzip.so
7fd6f5699000-7fd6f569a000 rw-p 00009000 08:05 832725                     /usr/lib/jvm/java-11-openjdk-amd64/lib/libzip.so
7fd6f569a000-7fd6f569d000 r--p 00000000 08:05 664158                     /usr/lib/x86_64-linux-gnu/libnss_files-2.31.so
7fd6f569d000-7fd6f56a4000 r-xp 00003000 08:05 664158                     /usr/lib/x86_64-linux-gnu/libnss_files-2.31.so
7fd6f56a4000-7fd6f56a6000 r--p 0000a000 08:05 664158                     /usr/lib/x86_64-linux-gnu/libnss_files-2.31.so
7fd6f56a6000-7fd6f56a7000 r--p 0000b000 08:05 664158                     /usr/lib/x86_64-linux-gnu/libnss_files-2.31.so
7fd6f56a7000-7fd6f56a8000 rw-p 0000c000 08:05 664158                     /usr/lib/x86_64-linux-gnu/libnss_files-2.31.so
7fd6f56a8000-7fd6f56ae000 rw-p 00000000 00:00 0 
7fd6f56ae000-7fd6f56af000 r--p 00000000 07:00 4635                       /snap/code/129/usr/lib/locale/lzh_TW/LC_TIME
7fd6f56af000-7fd6f56b0000 r--p 00000000 07:00 1452                       /snap/code/129/usr/lib/locale/cmn_TW/LC_MONETARY
7fd6f56b0000-7fd6f56b7000 r--s 00000000 08:05 1054381                    /usr/lib/x86_64-linux-gnu/gconv/gconv-modules.cache
7fd6f56b7000-7fd6f56bf000 rw-s 00000000 08:05 1186456                    /tmp/hsperfdata_annie/46995
7fd6f56bf000-7fd6f56cd000 r--p 00000000 08:05 832705                     /usr/lib/jvm/java-11-openjdk-amd64/lib/libjava.so
7fd6f56cd000-7fd6f56e3000 r-xp 0000e000 08:05 832705                     /usr/lib/jvm/java-11-openjdk-amd64/lib/libjava.so
7fd6f56e3000-7fd6f56ea000 r--p 00024000 08:05 832705                     /usr/lib/jvm/java-11-openjdk-amd64/lib/libjava.so
7fd6f56ea000-7fd6f56eb000 r--p 0002a000 08:05 832705                     /usr/lib/jvm/java-11-openjdk-amd64/lib/libjava.so
7fd6f56eb000-7fd6f56ec000 rw-p 0002b000 08:05 832705                     /usr/lib/jvm/java-11-openjdk-amd64/lib/libjava.so
7fd6f56ec000-7fd6f56ed000 rw-p 00000000 00:00 0 
7fd6f56ed000-7fd6f56f2000 r--p 00000000 08:05 832724                     /usr/lib/jvm/java-11-openjdk-amd64/lib/libverify.so
7fd6f56f2000-7fd6f56f9000 r-xp 00005000 08:05 832724                     /usr/lib/jvm/java-11-openjdk-amd64/lib/libverify.so
7fd6f56f9000-7fd6f56fb000 r--p 0000c000 08:05 832724                     /usr/lib/jvm/java-11-openjdk-amd64/lib/libverify.so
7fd6f56fb000-7fd6f56fc000 ---p 0000e000 08:05 832724                     /usr/lib/jvm/java-11-openjdk-amd64/lib/libverify.so
7fd6f56fc000-7fd6f56fe000 r--p 0000e000 08:05 832724                     /usr/lib/jvm/java-11-openjdk-amd64/lib/libverify.so
7fd6f56fe000-7fd6f56ff000 rw-p 00010000 08:05 832724                     /usr/lib/jvm/java-11-openjdk-amd64/lib/libverify.so
7fd6f56ff000-7fd6f5701000 r--p 00000000 08:05 664367                     /usr/lib/x86_64-linux-gnu/librt-2.31.so
7fd6f5701000-7fd6f5705000 r-xp 00002000 08:05 664367                     /usr/lib/x86_64-linux-gnu/librt-2.31.so
7fd6f5705000-7fd6f5707000 r--p 00006000 08:05 664367                     /usr/lib/x86_64-linux-gnu/librt-2.31.so
7fd6f5707000-7fd6f5708000 r--p 00007000 08:05 664367                     /usr/lib/x86_64-linux-gnu/librt-2.31.so
7fd6f5708000-7fd6f5709000 rw-p 00008000 08:05 664367                     /usr/lib/x86_64-linux-gnu/librt-2.31.so
7fd6f5709000-7fd6f570d000 ---p 00000000 00:00 0 
7fd6f570d000-7fd6f580a000 rw-p 00000000 00:00 0 
7fd6f580a000-7fd6f580d000 r--p 00000000 08:05 663671                     /usr/lib/x86_64-linux-gnu/libgcc_s.so.1
7fd6f580d000-7fd6f581f000 r-xp 00003000 08:05 663671                     /usr/lib/x86_64-linux-gnu/libgcc_s.so.1
7fd6f581f000-7fd6f5823000 r--p 00015000 08:05 663671                     /usr/lib/x86_64-linux-gnu/libgcc_s.so.1
7fd6f5823000-7fd6f5824000 r--p 00018000 08:05 663671                     /usr/lib/x86_64-linux-gnu/libgcc_s.so.1
7fd6f5824000-7fd6f5825000 rw-p 00019000 08:05 663671                     /usr/lib/x86_64-linux-gnu/libgcc_s.so.1
7fd6f5825000-7fd6f5832000 r--p 00000000 08:05 664032                     /usr/lib/x86_64-linux-gnu/libm-2.31.so
7fd6f5832000-7fd6f58d9000 r-xp 0000d000 08:05 664032                     /usr/lib/x86_64-linux-gnu/libm-2.31.so
7fd6f58d9000-7fd6f5972000 r--p 000b4000 08:05 664032                     /usr/lib/x86_64-linux-gnu/libm-2.31.so
7fd6f5972000-7fd6f5973000 r--p 0014c000 08:05 664032                     /usr/lib/x86_64-linux-gnu/libm-2.31.so
7fd6f5973000-7fd6f5974000 rw-p 0014d000 08:05 664032                     /usr/lib/x86_64-linux-gnu/libm-2.31.so
7fd6f5974000-7fd6f5a0a000 r--p 00000000 08:05 664476                     /usr/lib/x86_64-linux-gnu/libstdc++.so.6.0.28
7fd6f5a0a000-7fd6f5afb000 r-xp 00096000 08:05 664476                     /usr/lib/x86_64-linux-gnu/libstdc++.so.6.0.28
7fd6f5afb000-7fd6f5b44000 r--p 00187000 08:05 664476                     /usr/lib/x86_64-linux-gnu/libstdc++.so.6.0.28
7fd6f5b44000-7fd6f5b45000 ---p 001d0000 08:05 664476                     /usr/lib/x86_64-linux-gnu/libstdc++.so.6.0.28
7fd6f5b45000-7fd6f5b50000 r--p 001d0000 08:05 664476                     /usr/lib/x86_64-linux-gnu/libstdc++.so.6.0.28
7fd6f5b50000-7fd6f5b53000 rw-p 001db000 08:05 664476                     /usr/lib/x86_64-linux-gnu/libstdc++.so.6.0.28
7fd6f5b53000-7fd6f5b56000 rw-p 00000000 00:00 0 
7fd6f5b56000-7fd6f5dd8000 r--p 00000000 08:05 832731                     /usr/lib/jvm/java-11-openjdk-amd64/lib/server/libjvm.so
7fd6f5dd8000-7fd6f6a69000 r-xp 00282000 08:05 832731                     /usr/lib/jvm/java-11-openjdk-amd64/lib/server/libjvm.so
7fd6f6a69000-7fd6f6cc8000 r--p 00f13000 08:05 832731                     /usr/lib/jvm/java-11-openjdk-amd64/lib/server/libjvm.so
7fd6f6cc8000-7fd6f6d8c000 r--p 01171000 08:05 832731                     /usr/lib/jvm/java-11-openjdk-amd64/lib/server/libjvm.so
7fd6f6d8c000-7fd6f6dc7000 rw-p 01235000 08:05 832731                     /usr/lib/jvm/java-11-openjdk-amd64/lib/server/libjvm.so
7fd6f6dc7000-7fd6f6e20000 rw-p 00000000 00:00 0 
7fd6f6e20000-7fd6f6e26000 r--p 00000000 08:05 664302                     /usr/lib/x86_64-linux-gnu/libpthread-2.31.so
7fd6f6e26000-7fd6f6e37000 r-xp 00006000 08:05 664302                     /usr/lib/x86_64-linux-gnu/libpthread-2.31.so
7fd6f6e37000-7fd6f6e3d000 r--p 00017000 08:05 664302                     /usr/lib/x86_64-linux-gnu/libpthread-2.31.so
7fd6f6e3d000-7fd6f6e3e000 r--p 0001c000 08:05 664302                     /usr/lib/x86_64-linux-gnu/libpthread-2.31.so
7fd6f6e3e000-7fd6f6e3f000 rw-p 0001d000 08:05 664302                     /usr/lib/x86_64-linux-gnu/libpthread-2.31.so
7fd6f6e3f000-7fd6f6e43000 rw-p 00000000 00:00 0 
7fd6f6e43000-7fd6f6e44000 r--p 00000000 08:05 663517                     /usr/lib/x86_64-linux-gnu/libdl-2.31.so
7fd6f6e44000-7fd6f6e46000 r-xp 00001000 08:05 663517                     /usr/lib/x86_64-linux-gnu/libdl-2.31.so
7fd6f6e46000-7fd6f6e47000 r--p 00003000 08:05 663517                     /usr/lib/x86_64-linux-gnu/libdl-2.31.so
7fd6f6e47000-7fd6f6e48000 r--p 00003000 08:05 663517                     /usr/lib/x86_64-linux-gnu/libdl-2.31.so
7fd6f6e48000-7fd6f6e49000 rw-p 00004000 08:05 663517                     /usr/lib/x86_64-linux-gnu/libdl-2.31.so
7fd6f6e49000-7fd6f6e4b000 r--p 00000000 08:05 655642                     /usr/lib/x86_64-linux-gnu/libz.so.1.2.11
7fd6f6e4b000-7fd6f6e5c000 r-xp 00002000 08:05 655642                     /usr/lib/x86_64-linux-gnu/libz.so.1.2.11
7fd6f6e5c000-7fd6f6e62000 r--p 00013000 08:05 655642                     /usr/lib/x86_64-linux-gnu/libz.so.1.2.11
7fd6f6e62000-7fd6f6e63000 ---p 00019000 08:05 655642                     /usr/lib/x86_64-linux-gnu/libz.so.1.2.11
7fd6f6e63000-7fd6f6e64000 r--p 00019000 08:05 655642                     /usr/lib/x86_64-linux-gnu/libz.so.1.2.11
7fd6f6e64000-7fd6f6e65000 rw-p 0001a000 08:05 655642                     /usr/lib/x86_64-linux-gnu/libz.so.1.2.11
7fd6f6e65000-7fd6f6e87000 r--p 00000000 08:05 663374                     /usr/lib/x86_64-linux-gnu/libc-2.31.so
7fd6f6e87000-7fd6f6fff000 r-xp 00022000 08:05 663374                     /usr/lib/x86_64-linux-gnu/libc-2.31.so
7fd6f6fff000-7fd6f704d000 r--p 0019a000 08:05 663374                     /usr/lib/x86_64-linux-gnu/libc-2.31.so
7fd6f704d000-7fd6f7051000 r--p 001e7000 08:05 663374                     /usr/lib/x86_64-linux-gnu/libc-2.31.so
7fd6f7051000-7fd6f7053000 rw-p 001eb000 08:05 663374                     /usr/lib/x86_64-linux-gnu/libc-2.31.so
7fd6f7053000-7fd6f7057000 rw-p 00000000 00:00 0 
7fd6f7057000-7fd6f7058000 r--p 00000000 07:00 2039                       /snap/code/129/usr/lib/locale/en_CA.utf8/LC_MESSAGES/SYS_LC_MESSAGES
7fd6f7058000-7fd6f7059000 r--p 00000000 07:00 195                        /snap/code/129/usr/lib/locale/aa_DJ.utf8/LC_PAPER
7fd6f7059000-7fd6f705a000 r--p 00000000 07:00 4631                       /snap/code/129/usr/lib/locale/lzh_TW/LC_NAME
7fd6f705a000-7fd6f705b000 r--p 00000000 07:00 4623                       /snap/code/129/usr/lib/locale/lzh_TW/LC_ADDRESS
7fd6f705b000-7fd6f705c000 r--p 00000000 07:00 1456                       /snap/code/129/usr/lib/locale/cmn_TW/LC_TELEPHONE
7fd6f705c000-7fd6f705d000 r--p 00000000 07:00 189                        /snap/code/129/usr/lib/locale/aa_DJ.utf8/LC_MEASUREMENT
7fd6f705d000-7fd6f705e000 ---p 00000000 00:00 0 
7fd6f705e000-7fd6f705f000 r--p 00000000 00:00 0 
7fd6f705f000-7fd6f7061000 r--p 00000000 08:05 832708                     /usr/lib/jvm/java-11-openjdk-amd64/lib/libjimage.so
7fd6f7061000-7fd6f7064000 r-xp 00002000 08:05 832708                     /usr/lib/jvm/java-11-openjdk-amd64/lib/libjimage.so
7fd6f7064000-7fd6f7065000 r--p 00005000 08:05 832708                     /usr/lib/jvm/java-11-openjdk-amd64/lib/libjimage.so
7fd6f7065000-7fd6f7066000 ---p 00006000 08:05 832708                     /usr/lib/jvm/java-11-openjdk-amd64/lib/libjimage.so
7fd6f7066000-7fd6f7067000 r--p 00006000 08:05 832708                     /usr/lib/jvm/java-11-openjdk-amd64/lib/libjimage.so
7fd6f7067000-7fd6f7068000 rw-p 00007000 08:05 832708                     /usr/lib/jvm/java-11-openjdk-amd64/lib/libjimage.so
7fd6f7068000-7fd6f706b000 r--p 00000000 08:05 832690                     /usr/lib/jvm/java-11-openjdk-amd64/lib/jli/libjli.so
7fd6f706b000-7fd6f7075000 r-xp 00003000 08:05 832690                     /usr/lib/jvm/java-11-openjdk-amd64/lib/jli/libjli.so
7fd6f7075000-7fd6f7078000 r--p 0000d000 08:05 832690                     /usr/lib/jvm/java-11-openjdk-amd64/lib/jli/libjli.so
7fd6f7078000-7fd6f7079000 ---p 00010000 08:05 832690                     /usr/lib/jvm/java-11-openjdk-amd64/lib/jli/libjli.so
7fd6f7079000-7fd6f707a000 r--p 00010000 08:05 832690                     /usr/lib/jvm/java-11-openjdk-amd64/lib/jli/libjli.so
7fd6f707a000-7fd6f707b000 rw-p 00011000 08:05 832690                     /usr/lib/jvm/java-11-openjdk-amd64/lib/jli/libjli.so
7fd6f707b000-7fd6f707d000 rw-p 00000000 00:00 0 
7fd6f707d000-7fd6f707e000 r--p 00000000 08:05 663154                     /usr/lib/x86_64-linux-gnu/ld-2.31.so
7fd6f707e000-7fd6f70a1000 r-xp 00001000 08:05 663154                     /usr/lib/x86_64-linux-gnu/ld-2.31.so
7fd6f70a1000-7fd6f70a9000 r--p 00024000 08:05 663154                     /usr/lib/x86_64-linux-gnu/ld-2.31.so
7fd6f70a9000-7fd6f70aa000 r--p 00000000 07:00 4626                       /snap/code/129/usr/lib/locale/lzh_TW/LC_IDENTIFICATION
7fd6f70aa000-7fd6f70ab000 r--p 0002c000 08:05 663154                     /usr/lib/x86_64-linux-gnu/ld-2.31.so
7fd6f70ab000-7fd6f70ac000 rw-p 0002d000 08:05 663154                     /usr/lib/x86_64-linux-gnu/ld-2.31.so
7fd6f70ac000-7fd6f70ad000 rw-p 00000000 00:00 0 
7fffe2071000-7fffe2093000 rw-p 00000000 00:00 0                          [stack]
7fffe21ed000-7fffe21f1000 r--p 00000000 00:00 0                          [vvar]
7fffe21f1000-7fffe21f3000 r-xp 00000000 00:00 0                          [vdso]
ffffffffff600000-ffffffffff601000 --xp 00000000 00:00 0                  [vsyscall]


VM Arguments:
jvm_args: -Xverify:none 
java_command: Main
java_class_path (initial): .
Launcher Type: SUN_STANDARD

[Global flags]
     bool BytecodeVerificationLocal                = false                                     {product} {command line}
     bool BytecodeVerificationRemote               = false                                     {product} {command line}
     intx CICompilerCount                          = 2                                         {product} {ergonomic}
     uint ConcGCThreads                            = 1                                         {product} {ergonomic}
     uint G1ConcRefinementThreads                  = 2                                         {product} {ergonomic}
   size_t G1HeapRegionSize                         = 1048576                                   {product} {ergonomic}
    uintx GCDrainStackTargetSize                   = 64                                        {product} {ergonomic}
   size_t InitialHeapSize                          = 65011712                                  {product} {ergonomic}
   size_t MarkStackSize                            = 4194304                                   {product} {ergonomic}
   size_t MaxHeapSize                              = 1029701632                                {product} {ergonomic}
   size_t MaxNewSize                               = 617611264                                 {product} {ergonomic}
   size_t MinHeapDeltaBytes                        = 1048576                                   {product} {ergonomic}
    uintx NonNMethodCodeHeapSize                   = 5825164                                {pd product} {ergonomic}
    uintx NonProfiledCodeHeapSize                  = 122916538                              {pd product} {ergonomic}
    uintx ProfiledCodeHeapSize                     = 122916538                              {pd product} {ergonomic}
    uintx ReservedCodeCacheSize                    = 251658240                              {pd product} {ergonomic}
     bool SegmentedCodeCache                       = true                                      {product} {ergonomic}
     bool UseCompressedClassPointers               = true                                 {lp64_product} {ergonomic}
     bool UseCompressedOops                        = true                                 {lp64_product} {ergonomic}
     bool UseG1GC                                  = true                                      {product} {ergonomic}

Logging:
Log output configuration:
 #0: stdout all=warning uptime,level,tags
 #1: stderr all=off uptime,level,tags

Environment Variables:
PATH=/home/annie/.local/bin:/home/annie/.local/bin:/usr/local/sbin:/usr/local/bin:/usr/sbin:/usr/bin:/sbin:/bin:/usr/games:/usr/local/games:/snap/bin
USERNAME=annie
SHELL=/bin/bash
DISPLAY=:0
LANG=en_CA.UTF-8
LC_NUMERIC=lzh_TW
LC_TIME=lzh_TW
TERM=xterm-256color

Signal Handlers:
SIGSEGV: [libjvm.so+0xe9f840], sa_mask[0]=11111111011111111101111111111110, sa_flags=SA_RESTART|SA_SIGINFO
SIGBUS: [libjvm.so+0xe9f840], sa_mask[0]=11111111011111111101111111111110, sa_flags=SA_RESTART|SA_SIGINFO
SIGFPE: [libjvm.so+0xe9f840], sa_mask[0]=11111111011111111101111111111110, sa_flags=SA_RESTART|SA_SIGINFO
SIGPIPE: [libjvm.so+0xbe53b0], sa_mask[0]=11111111011111111101111111111110, sa_flags=SA_RESTART|SA_SIGINFO
SIGXFSZ: [libjvm.so+0xbe53b0], sa_mask[0]=11111111011111111101111111111110, sa_flags=SA_RESTART|SA_SIGINFO
SIGILL: [libjvm.so+0xe9f840], sa_mask[0]=11111111011111111101111111111110, sa_flags=SA_RESTART|SA_SIGINFO
SIGUSR2: [libjvm.so+0xbe5250], sa_mask[0]=00000000000000000000000000000000, sa_flags=SA_RESTART|SA_SIGINFO
SIGHUP: [libjvm.so+0xbe5900], sa_mask[0]=11111111011111111101111111111110, sa_flags=SA_RESTART|SA_SIGINFO
SIGINT: [libjvm.so+0xbe5900], sa_mask[0]=11111111011111111101111111111110, sa_flags=SA_RESTART|SA_SIGINFO
SIGTERM: [libjvm.so+0xbe5900], sa_mask[0]=11111111011111111101111111111110, sa_flags=SA_RESTART|SA_SIGINFO
SIGQUIT: [libjvm.so+0xbe5900], sa_mask[0]=11111111011111111101111111111110, sa_flags=SA_RESTART|SA_SIGINFO


---------------  S Y S T E M  ---------------

OS:DISTRIB_ID=Ubuntu
DISTRIB_RELEASE=20.04
DISTRIB_CODENAME=focal
DISTRIB_DESCRIPTION="Ubuntu 20.04.6 LTS"
uname:Linux 5.15.0-73-generic #80~20.04.1-Ubuntu SMP Wed May 17 14:58:14 UTC 2023 x86_64
OS uptime: 0 days 5:59 hours
libc:glibc 2.31 NPTL 2.31 
rlimit (soft/hard): STACK 8192k/infinity , CORE 0k/infinity , NPROC 15379/15379 , NOFILE 1048576/1048576 , AS infinity/infinity , CPU infinity/infinity , DATA infinity/infinity , FSIZE infinity/infinity , MEMLOCK 65536k/65536k
load average:1.64 0.66 0.56

/proc/meminfo:
MemTotal:        4018220 kB
MemFree:          569620 kB
MemAvailable:    2117060 kB
Buffers:          103916 kB
Cached:          1699200 kB
SwapCached:           48 kB
Active:           806780 kB
Inactive:        2387260 kB
Active(anon):       1512 kB
Inactive(anon):  1480192 kB
Active(file):     805268 kB
Inactive(file):   907068 kB
Unevictable:          16 kB
Mlocked:              16 kB
SwapTotal:       1190340 kB
SwapFree:        1190072 kB
Dirty:              2172 kB
Writeback:             0 kB
AnonPages:       1390872 kB
Mapped:           588224 kB
Shmem:             94788 kB
KReclaimable:      75300 kB
Slab:             138896 kB
SReclaimable:      75300 kB
SUnreclaim:        63596 kB
KernelStack:        9616 kB
PageTables:        23232 kB
NFS_Unstable:          0 kB
Bounce:                0 kB
WritebackTmp:          0 kB
CommitLimit:     3199448 kB
Committed_AS:    5758656 kB
VmallocTotal:   34359738367 kB
VmallocUsed:       38860 kB
VmallocChunk:          0 kB
Percpu:             1544 kB
HardwareCorrupted:     0 kB
AnonHugePages:         0 kB
ShmemHugePages:        0 kB
ShmemPmdMapped:        0 kB
FileHugePages:         0 kB
FilePmdMapped:         0 kB
HugePages_Total:       0
HugePages_Free:        0
HugePages_Rsvd:        0
HugePages_Surp:        0
Hugepagesize:       2048 kB
Hugetlb:               0 kB
DirectMap4k:      219072 kB
DirectMap2M:     3975168 kB

/sys/kernel/mm/transparent_hugepage/enabled:
always [madvise] never
/sys/kernel/mm/transparent_hugepage/defrag (defrag/compaction efforts parameter):
always defer defer+madvise [madvise] never

Process Memory:
Virtual Size: 3568056K (peak: 12388892K)
Resident Set Size: 35608K (peak: 35608K) (anon: 11104K, file: 24504K, shmem: 0K)
Swapped out: 0K
C-Heap outstanding allocations: 11414K, retained: 1573K
glibc malloc tunables: (default)

/proc/sys/kernel/threads-max (system-wide limit on the number of threads):
30759
/proc/sys/vm/max_map_count (maximum number of memory map areas a process may have):
65530
/proc/sys/kernel/pid_max (system-wide limit on number of process identifiers):
4194304

container (cgroup) information:
container_type: cgroupv1
cpu_cpuset_cpus: 0-1
cpu_memory_nodes: 0
active_processor_count: 2
cpu_quota: no quota
cpu_period: 100000
cpu_shares: no shares
memory_limit_in_bytes: unlimited
memory_and_swap_limit_in_bytes: unlimited
memory_soft_limit_in_bytes: unlimited
memory_usage_in_bytes: 2029224 k
memory_max_usage_in_bytes: 2454952 k
kernel_memory_usage_in_bytes: 66592 k
kernel_memory_max_usage_in_bytes: unlimited
kernel_memory_limit_in_bytes: 67472 k
maximum number of tasks: unlimited
current number of tasks: 406

KVM virtualization detected
Steal ticks since vm start: 0
Steal ticks percentage since vm start:  0.000

CPU:total 2 (initial active 2) (2 cores per cpu, 1 threads per core) family 6 model 142 stepping 12 microcode 0x0, cmov, cx8, fxsr, mmx, sse, sse2, sse3, ssse3, sse4.1, sse4.2, popcnt, avx, avx2, aes, clmul, 3dnowpref, lzcnt, tsc, tscinvbit, bmi1, bmi2
CPU Model and flags from /proc/cpuinfo:
model name	: Intel(R) Core(TM) i5-10210U CPU @ 1.60GHz
flags		: fpu vme de pse tsc msr pae mce cx8 apic sep mtrr pge mca cmov pat pse36 clflush mmx fxsr sse sse2 ht syscall nx rdtscp lm constant_tsc rep_good nopl xtopology nonstop_tsc cpuid tsc_known_freq pni pclmulqdq ssse3 cx16 pcid sse4_1 sse4_2 x2apic movbe popcnt aes xsave avx rdrand hypervisor lahf_lm abm 3dnowprefetch invpcid_single fsgsbase bmi1 avx2 bmi2 invpcid rdseed clflushopt md_clear flush_l1d arch_capabilities
Online cpus:
0-1
Offline cpus:

BIOS frequency limitation:
<Not Available>
Frequency switch latency (ns):
<Not Available>
Available cpu frequencies:
<Not Available>
Current governor:
<Not Available>
Core performance/turbo boost:
<Not Available>

Memory: 4k page, physical 4018220k(569620k free), swap 1190340k(1190072k free)

vm_info: OpenJDK 64-Bit Server VM (11.0.19+7-post-Ubuntu-0ubuntu120.04.1) for linux-amd64 JRE (11.0.19+7-post-Ubuntu-0ubuntu120.04.1), built on May 10 2023 00:55:26 by "unknown" with gcc 9.4.0

END.
