#-----------------------------------------------------------
# Vivado v2018.3 (64-bit)
# SW Build 2405991 on Thu Dec  6 23:38:27 MST 2018
# IP Build 2404404 on Fri Dec  7 01:43:56 MST 2018
# Start of session at: Fri Jun  9 09:30:42 2023
# Process ID: 15392
# Current directory: C:/Users/Annie/Downloads/project_for_zhuanti_baseline-20230427T082833Z-001/project_for_zhuanti_baseline/vivado_file/project_1
# Command line: vivado.exe -gui_launcher_event rodinguilauncherevent13888 C:\Users\Annie\Downloads\project_for_zhuanti_baseline-20230427T082833Z-001\project_for_zhuanti_baseline\vivado_file\project_1\project_1.xpr
# Log file: C:/Users/Annie/Downloads/project_for_zhuanti_baseline-20230427T082833Z-001/project_for_zhuanti_baseline/vivado_file/project_1/vivado.log
# Journal file: C:/Users/Annie/Downloads/project_for_zhuanti_baseline-20230427T082833Z-001/project_for_zhuanti_baseline/vivado_file/project_1\vivado.jou
#-----------------------------------------------------------
start_gui
open_project C:/Users/Annie/Downloads/project_for_zhuanti_baseline-20230427T082833Z-001/project_for_zhuanti_baseline/vivado_file/project_1/project_1.xpr
INFO: [ProjectBase 1-489] The host OS only allows 260 characters in a normal path. The project is stored in a path with more than 80 characters. If you experience issues with IP, Block Designs, or files not being found, please consider moving the project to a location with a shorter path. Alternately consider using the OS subst command to map part of the path to a drive letter.
Current project path is 'C:/Users/Annie/Downloads/project_for_zhuanti_baseline-20230427T082833Z-001/project_for_zhuanti_baseline/vivado_file/project_1'
Scanning sources...
Finished scanning sources
INFO: [IP_Flow 19-234] Refreshing IP repositories
INFO: [IP_Flow 19-1700] Loaded user IP repository 'c:/Users/Annie/Downloads/project_for_zhuanti_baseline-20230427T082833Z-001/project_for_zhuanti_baseline/vivado_file/VGA_IP'.
INFO: [IP_Flow 19-1700] Loaded user IP repository 'c:/Users/Annie/Downloads/project_for_zhuanti_baseline-20230427T082833Z-001/project_for_zhuanti_baseline/vivado_file/bram_1.0'.
INFO: [IP_Flow 19-1700] Loaded user IP repository 'c:/Users/Annie/Downloads/project_for_zhuanti_baseline-20230427T082833Z-001/project_for_zhuanti_baseline/vivado_file/image_processing_IP'.
INFO: [IP_Flow 19-1700] Loaded user IP repository 'c:/Users/Annie/Downloads/project_for_zhuanti_baseline-20230427T082833Z-001/project_for_zhuanti_baseline/vivado_file/memory_for_processing_IP'.
INFO: [IP_Flow 19-2313] Loaded Vivado IP repository 'D:/Xilinx/Vivado/2018.3/data/ip'.
open_project: Time (s): cpu = 00:00:20 ; elapsed = 00:00:18 . Memory (MB): peak = 747.332 ; gain = 159.121
reset_run impl_1 -prev_step 
launch_runs impl_1 -to_step write_bitstream -jobs 4
[Fri Jun  9 09:31:47 2023] Launched impl_1...
Run output will be captured here: C:/Users/Annie/Downloads/project_for_zhuanti_baseline-20230427T082833Z-001/project_for_zhuanti_baseline/vivado_file/project_1/project_1.runs/impl_1/runme.log
update_compile_order -fileset sources_1
open_run impl_1
INFO: [Netlist 29-17] Analyzing 151 Unisim elements for replacement
INFO: [Netlist 29-28] Unisim Transformation completed in 0 CPU seconds
INFO: [Project 1-479] Netlist was created with Vivado 2018.3
INFO: [Device 21-403] Loading part xc7z020clg484-1
INFO: [Project 1-570] Preparing netlist for logic optimization
INFO: [Timing 38-478] Restoring timing data from binary archive.
INFO: [Timing 38-479] Binary timing data restore complete.
INFO: [Project 1-856] Restoring constraints from binary archive.
INFO: [Project 1-853] Binary constraint restore complete.
Reading XDEF placement.
Reading placer database...
Reading XDEF routing.
Read XDEF File: Time (s): cpu = 00:00:01 ; elapsed = 00:00:00.669 . Memory (MB): peak = 1688.234 ; gain = 0.000
Restored from archive | CPU: 1.000000 secs | Memory: 0.000000 MB |
Finished XDEF File Restore: Time (s): cpu = 00:00:01 ; elapsed = 00:00:00.670 . Memory (MB): peak = 1688.234 ; gain = 0.000
Netlist sorting complete. Time (s): cpu = 00:00:00 ; elapsed = 00:00:00.001 . Memory (MB): peak = 1688.234 ; gain = 0.000
INFO: [Project 1-111] Unisim Transformation Summary:
No Unisim elements were transformed.

WARNING: [Designutils 20-3303] unexpected site type 'IOPAD' in HDPYFinalizeIO
WARNING: [Designutils 20-3303] unexpected site type 'IOPAD' in HDPYFinalizeIO
WARNING: [Designutils 20-3303] unexpected site type 'IOPAD' in HDPYFinalizeIO
WARNING: [Designutils 20-3303] unexpected site type 'IOPAD' in HDPYFinalizeIO
WARNING: [Designutils 20-3303] unexpected site type 'IOPAD' in HDPYFinalizeIO
WARNING: [Designutils 20-3303] unexpected site type 'IOPAD' in HDPYFinalizeIO
WARNING: [Designutils 20-3303] unexpected site type 'IOPAD' in HDPYFinalizeIO
WARNING: [Designutils 20-3303] unexpected site type 'IOPAD' in HDPYFinalizeIO
WARNING: [Designutils 20-3303] unexpected site type 'IOPAD' in HDPYFinalizeIO
WARNING: [Designutils 20-3303] unexpected site type 'IOPAD' in HDPYFinalizeIO
WARNING: [Designutils 20-3303] unexpected site type 'IOPAD' in HDPYFinalizeIO
WARNING: [Designutils 20-3303] unexpected site type 'IOPAD' in HDPYFinalizeIO
WARNING: [Designutils 20-3303] unexpected site type 'IOPAD' in HDPYFinalizeIO
WARNING: [Designutils 20-3303] unexpected site type 'IOPAD' in HDPYFinalizeIO
WARNING: [Designutils 20-3303] unexpected site type 'IOPAD' in HDPYFinalizeIO
WARNING: [Designutils 20-3303] unexpected site type 'IOPAD' in HDPYFinalizeIO
WARNING: [Designutils 20-3303] unexpected site type 'IOPAD' in HDPYFinalizeIO
WARNING: [Designutils 20-3303] unexpected site type 'IOPAD' in HDPYFinalizeIO
WARNING: [Designutils 20-3303] unexpected site type 'IOPAD' in HDPYFinalizeIO
WARNING: [Designutils 20-3303] unexpected site type 'IOPAD' in HDPYFinalizeIO
WARNING: [Designutils 20-3303] unexpected site type 'IOPAD' in HDPYFinalizeIO
WARNING: [Designutils 20-3303] unexpected site type 'IOPAD' in HDPYFinalizeIO
WARNING: [Designutils 20-3303] unexpected site type 'IOPAD' in HDPYFinalizeIO
WARNING: [Designutils 20-3303] unexpected site type 'IOPAD' in HDPYFinalizeIO
WARNING: [Designutils 20-3303] unexpected site type 'IOPAD' in HDPYFinalizeIO
WARNING: [Designutils 20-3303] unexpected site type 'IOPAD' in HDPYFinalizeIO
WARNING: [Designutils 20-3303] unexpected site type 'IOPAD' in HDPYFinalizeIO
WARNING: [Designutils 20-3303] unexpected site type 'IOPAD' in HDPYFinalizeIO
WARNING: [Designutils 20-3303] unexpected site type 'IOPAD' in HDPYFinalizeIO
WARNING: [Designutils 20-3303] unexpected site type 'IOPAD' in HDPYFinalizeIO
WARNING: [Designutils 20-3303] unexpected site type 'IOPAD' in HDPYFinalizeIO
WARNING: [Designutils 20-3303] unexpected site type 'IOPAD' in HDPYFinalizeIO
WARNING: [Designutils 20-3303] unexpected site type 'IOPAD' in HDPYFinalizeIO
WARNING: [Designutils 20-3303] unexpected site type 'IOPAD' in HDPYFinalizeIO
WARNING: [Designutils 20-3303] unexpected site type 'IOPAD' in HDPYFinalizeIO
WARNING: [Designutils 20-3303] unexpected site type 'IOPAD' in HDPYFinalizeIO
WARNING: [Designutils 20-3303] unexpected site type 'IOPAD' in HDPYFinalizeIO
WARNING: [Designutils 20-3303] unexpected site type 'IOPAD' in HDPYFinalizeIO
WARNING: [Designutils 20-3303] unexpected site type 'IOPAD' in HDPYFinalizeIO
WARNING: [Designutils 20-3303] unexpected site type 'IOPAD' in HDPYFinalizeIO
WARNING: [Designutils 20-3303] unexpected site type 'IOPAD' in HDPYFinalizeIO
WARNING: [Designutils 20-3303] unexpected site type 'IOPAD' in HDPYFinalizeIO
WARNING: [Designutils 20-3303] unexpected site type 'IOPAD' in HDPYFinalizeIO
WARNING: [Designutils 20-3303] unexpected site type 'IOPAD' in HDPYFinalizeIO
WARNING: [Designutils 20-3303] unexpected site type 'IOPAD' in HDPYFinalizeIO
WARNING: [Designutils 20-3303] unexpected site type 'IOPAD' in HDPYFinalizeIO
WARNING: [Designutils 20-3303] unexpected site type 'IOPAD' in HDPYFinalizeIO
WARNING: [Designutils 20-3303] unexpected site type 'IOPAD' in HDPYFinalizeIO
WARNING: [Designutils 20-3303] unexpected site type 'IOPAD' in HDPYFinalizeIO
WARNING: [Designutils 20-3303] unexpected site type 'IOPAD' in HDPYFinalizeIO
WARNING: [Designutils 20-3303] unexpected site type 'IOPAD' in HDPYFinalizeIO
WARNING: [Designutils 20-3303] unexpected site type 'IOPAD' in HDPYFinalizeIO
WARNING: [Designutils 20-3303] unexpected site type 'IOPAD' in HDPYFinalizeIO
WARNING: [Designutils 20-3303] unexpected site type 'IOPAD' in HDPYFinalizeIO
WARNING: [Designutils 20-3303] unexpected site type 'IOPAD' in HDPYFinalizeIO
WARNING: [Designutils 20-3303] unexpected site type 'IOPAD' in HDPYFinalizeIO
WARNING: [Designutils 20-3303] unexpected site type 'IOPAD' in HDPYFinalizeIO
WARNING: [Designutils 20-3303] unexpected site type 'IOPAD' in HDPYFinalizeIO
WARNING: [Designutils 20-3303] unexpected site type 'IOPAD' in HDPYFinalizeIO
WARNING: [Designutils 20-3303] unexpected site type 'IOPAD' in HDPYFinalizeIO
WARNING: [Designutils 20-3303] unexpected site type 'IOPAD' in HDPYFinalizeIO
WARNING: [Designutils 20-3303] unexpected site type 'IOPAD' in HDPYFinalizeIO
WARNING: [Designutils 20-3303] unexpected site type 'IOPAD' in HDPYFinalizeIO
WARNING: [Designutils 20-3303] unexpected site type 'IOPAD' in HDPYFinalizeIO
WARNING: [Designutils 20-3303] unexpected site type 'IOPAD' in HDPYFinalizeIO
WARNING: [Designutils 20-3303] unexpected site type 'IOPAD' in HDPYFinalizeIO
WARNING: [Designutils 20-3303] unexpected site type 'IOPAD' in HDPYFinalizeIO
WARNING: [Designutils 20-3303] unexpected site type 'IOPAD' in HDPYFinalizeIO
WARNING: [Designutils 20-3303] unexpected site type 'IOPAD' in HDPYFinalizeIO
WARNING: [Designutils 20-3303] unexpected site type 'IOPAD' in HDPYFinalizeIO
WARNING: [Designutils 20-3303] unexpected site type 'IOPAD' in HDPYFinalizeIO
WARNING: [Designutils 20-3303] unexpected site type 'IOPAD' in HDPYFinalizeIO
WARNING: [Designutils 20-3303] unexpected site type 'IOPAD' in HDPYFinalizeIO
WARNING: [Designutils 20-3303] unexpected site type 'IOPAD' in HDPYFinalizeIO
WARNING: [Designutils 20-3303] unexpected site type 'IOPAD' in HDPYFinalizeIO
WARNING: [Designutils 20-3303] unexpected site type 'IOPAD' in HDPYFinalizeIO
WARNING: [Designutils 20-3303] unexpected site type 'IOPAD' in HDPYFinalizeIO
WARNING: [Designutils 20-3303] unexpected site type 'IOPAD' in HDPYFinalizeIO
WARNING: [Designutils 20-3303] unexpected site type 'IOPAD' in HDPYFinalizeIO
WARNING: [Designutils 20-3303] unexpected site type 'IOPAD' in HDPYFinalizeIO
WARNING: [Designutils 20-3303] unexpected site type 'IOPAD' in HDPYFinalizeIO
WARNING: [Designutils 20-3303] unexpected site type 'IOPAD' in HDPYFinalizeIO
WARNING: [Designutils 20-3303] unexpected site type 'IOPAD' in HDPYFinalizeIO
WARNING: [Designutils 20-3303] unexpected site type 'IOPAD' in HDPYFinalizeIO
WARNING: [Designutils 20-3303] unexpected site type 'IOPAD' in HDPYFinalizeIO
WARNING: [Designutils 20-3303] unexpected site type 'IOPAD' in HDPYFinalizeIO
WARNING: [Designutils 20-3303] unexpected site type 'IOPAD' in HDPYFinalizeIO
WARNING: [Designutils 20-3303] unexpected site type 'IOPAD' in HDPYFinalizeIO
WARNING: [Designutils 20-3303] unexpected site type 'IOPAD' in HDPYFinalizeIO
WARNING: [Designutils 20-3303] unexpected site type 'IOPAD' in HDPYFinalizeIO
WARNING: [Designutils 20-3303] unexpected site type 'IOPAD' in HDPYFinalizeIO
WARNING: [Designutils 20-3303] unexpected site type 'IOPAD' in HDPYFinalizeIO
WARNING: [Designutils 20-3303] unexpected site type 'IOPAD' in HDPYFinalizeIO
WARNING: [Designutils 20-3303] unexpected site type 'IOPAD' in HDPYFinalizeIO
WARNING: [Designutils 20-3303] unexpected site type 'IOPAD' in HDPYFinalizeIO
WARNING: [Designutils 20-3303] unexpected site type 'IOPAD' in HDPYFinalizeIO
WARNING: [Designutils 20-3303] unexpected site type 'IOPAD' in HDPYFinalizeIO
WARNING: [Designutils 20-3303] unexpected site type 'IOPAD' in HDPYFinalizeIO
WARNING: [Designutils 20-3303] unexpected site type 'IOPAD' in HDPYFinalizeIO
WARNING: [Designutils 20-3303] unexpected site type 'IOPAD' in HDPYFinalizeIO
INFO: [Common 17-14] Message 'Designutils 20-3303' appears 100 times and further instances of the messages will be disabled. Use the Tcl command set_msg_config to change the current settings.
open_run: Time (s): cpu = 00:00:37 ; elapsed = 00:00:27 . Memory (MB): peak = 1824.398 ; gain = 972.145
file copy -force C:/Users/Annie/Downloads/project_for_zhuanti_baseline-20230427T082833Z-001/project_for_zhuanti_baseline/vivado_file/project_1/project_1.runs/impl_1/design_1_wrapper.sysdef C:/Users/Annie/Downloads/project_for_zhuanti_baseline-20230427T082833Z-001/project_for_zhuanti_baseline/vivado_file/project_1/project_1.sdk/design_1_wrapper.hdf

file mkdir C:/Users/Annie/Downloads/project_for_zhuanti_baseline-20230427T082833Z-001/project_for_zhuanti_baseline/vivado_file/project_1/project_1.sdk
file copy -force C:/Users/Annie/Downloads/project_for_zhuanti_baseline-20230427T082833Z-001/project_for_zhuanti_baseline/vivado_file/project_1/project_1.runs/impl_1/design_1_wrapper.sysdef C:/Users/Annie/Downloads/project_for_zhuanti_baseline-20230427T082833Z-001/project_for_zhuanti_baseline/vivado_file/project_1/project_1.sdk/design_1_wrapper.hdf

launch_sdk -workspace C:/Users/Annie/Downloads/project_for_zhuanti_baseline-20230427T082833Z-001/project_for_zhuanti_baseline/vivado_file/project_1/project_1.sdk -hwspec C:/Users/Annie/Downloads/project_for_zhuanti_baseline-20230427T082833Z-001/project_for_zhuanti_baseline/vivado_file/project_1/project_1.sdk/design_1_wrapper.hdf
INFO: [Vivado 12-393] Launching SDK...
INFO: [Vivado 12-417] Running xsdk -workspace C:/Users/Annie/Downloads/project_for_zhuanti_baseline-20230427T082833Z-001/project_for_zhuanti_baseline/vivado_file/project_1/project_1.sdk -hwspec C:/Users/Annie/Downloads/project_for_zhuanti_baseline-20230427T082833Z-001/project_for_zhuanti_baseline/vivado_file/project_1/project_1.sdk/design_1_wrapper.hdf
INFO: [Vivado 12-3157] SDK launch initiated. Please check console for any further messages.
reset_run impl_1 -prev_step 
launch_runs impl_1 -to_step write_bitstream -jobs 4
[Fri Jun  9 09:42:48 2023] Launched impl_1...
Run output will be captured here: C:/Users/Annie/Downloads/project_for_zhuanti_baseline-20230427T082833Z-001/project_for_zhuanti_baseline/vivado_file/project_1/project_1.runs/impl_1/runme.log
file mkdir C:/Users/Annie/Downloads/project_for_zhuanti_baseline-20230427T082833Z-001/project_for_zhuanti_baseline/vivado_file/project_1/project_1.sdk
file copy -force C:/Users/Annie/Downloads/project_for_zhuanti_baseline-20230427T082833Z-001/project_for_zhuanti_baseline/vivado_file/project_1/project_1.runs/impl_1/design_1_wrapper.sysdef C:/Users/Annie/Downloads/project_for_zhuanti_baseline-20230427T082833Z-001/project_for_zhuanti_baseline/vivado_file/project_1/project_1.sdk/design_1_wrapper.hdf

launch_sdk -workspace C:/Users/Annie/Downloads/project_for_zhuanti_baseline-20230427T082833Z-001/project_for_zhuanti_baseline/vivado_file/project_1/project_1.sdk -hwspec C:/Users/Annie/Downloads/project_for_zhuanti_baseline-20230427T082833Z-001/project_for_zhuanti_baseline/vivado_file/project_1/project_1.sdk/design_1_wrapper.hdf
INFO: [Vivado 12-393] Launching SDK...
INFO: [Vivado 12-417] Running xsdk -workspace C:/Users/Annie/Downloads/project_for_zhuanti_baseline-20230427T082833Z-001/project_for_zhuanti_baseline/vivado_file/project_1/project_1.sdk -hwspec C:/Users/Annie/Downloads/project_for_zhuanti_baseline-20230427T082833Z-001/project_for_zhuanti_baseline/vivado_file/project_1/project_1.sdk/design_1_wrapper.hdf
INFO: [Vivado 12-3157] SDK launch initiated. Please check console for any further messages.
open_bd_design {C:/Users/Annie/Downloads/project_for_zhuanti_baseline-20230427T082833Z-001/project_for_zhuanti_baseline/vivado_file/project_1/project_1.srcs/sources_1/bd/design_1/design_1.bd}
Adding cell -- xilinx.com:ip:processing_system7:5.5 - processing_system7_0
Adding cell -- xilinx.com:user:memory_for_processing:1.0 - memory_for_processing_0
Adding cell -- vlsilab:vlsilab:bram:1.02 - bram_0
Adding cell -- xilinx.com:ip:proc_sys_reset:5.0 - rst_ps7_0_100M
Adding cell -- xilinx.com:ip:axi_interconnect:2.1 - ps7_0_axi_periph
Adding cell -- xilinx.com:ip:axi_protocol_converter:2.1 - auto_pc
Adding cell -- xilinx.com:user:VGA_TOP:1.0 - VGA_TOP_0
Adding cell -- xilinx.com:user:image_processor:1.3 - image_processor_0
WARNING: [BD 41-1731] Type mismatch between connected pins: /processing_system7_0/FCLK_CLK1(clk) and /VGA_TOP_0/clk_25mHz(undef)
Successfully read diagram <design_1> from BD file <C:/Users/Annie/Downloads/project_for_zhuanti_baseline-20230427T082833Z-001/project_for_zhuanti_baseline/vivado_file/project_1/project_1.srcs/sources_1/bd/design_1/design_1.bd>
open_bd_design: Time (s): cpu = 00:00:07 ; elapsed = 00:00:09 . Memory (MB): peak = 1920.090 ; gain = 76.152
report_timing_summary -delay_type min_max -report_unconstrained -check_timing_verbose -max_paths 10 -input_pins -routable_nets -name timing_1
INFO: [Timing 38-91] UpdateTimingParams: Speed grade: -1, Delay Type: min_max.
INFO: [Timing 38-191] Multithreading enabled for timing update using a maximum of 2 CPUs
report_utilization -name utilization_1
exit
INFO: [Common 17-206] Exiting Vivado at Fri Jun  9 11:58:02 2023...
