#-----------------------------------------------------------
# Vivado v2018.3 (64-bit)
# SW Build 2405991 on Thu Dec  6 23:38:27 MST 2018
# IP Build 2404404 on Fri Dec  7 01:43:56 MST 2018
# Start of session at: Mon May 23 16:16:23 2022
# Process ID: 39112
# Current directory: D:/GELEE/Zedboard/project_for_zhuanti/vivado_file/project_1/project_1.srcs/sources_1/bd/design_1/ip/design_1_bram_0_0
# Command line: vivado.exe -gui_launcher_event rodinguilauncherevent89112 D:\GELEE\Zedboard\project_for_zhuanti\vivado_file\project_1\project_1.srcs\sources_1\bd\design_1\ip\design_1_bram_0_0\design_1_bram_0_0.dcp
# Log file: D:/GELEE/Zedboard/project_for_zhuanti/vivado_file/project_1/project_1.srcs/sources_1/bd/design_1/ip/design_1_bram_0_0/vivado.log
# Journal file: D:/GELEE/Zedboard/project_for_zhuanti/vivado_file/project_1/project_1.srcs/sources_1/bd/design_1/ip/design_1_bram_0_0\vivado.jou
#-----------------------------------------------------------
start_gui
open_checkpoint D:/GELEE/Zedboard/project_for_zhuanti/vivado_file/project_1/project_1.srcs/sources_1/bd/design_1/ip/design_1_bram_0_0/design_1_bram_0_0.dcp
Command: open_checkpoint D:/GELEE/Zedboard/project_for_zhuanti/vivado_file/project_1/project_1.srcs/sources_1/bd/design_1/ip/design_1_bram_0_0/design_1_bram_0_0.dcp

Starting open_checkpoint Task

Time (s): cpu = 00:00:00 ; elapsed = 00:00:00.026 . Memory (MB): peak = 639.363 ; gain = 0.000
INFO: [IP_Flow 19-234] Refreshing IP repositories
INFO: [IP_Flow 19-1704] No user IP repositories specified
INFO: [IP_Flow 19-2313] Loaded Vivado IP repository 'D:/Xillinx/Vivado/2018.3/data/ip'.
INFO: [Netlist 29-17] Analyzing 48 Unisim elements for replacement
INFO: [Netlist 29-28] Unisim Transformation completed in 0 CPU seconds
INFO: [Project 1-479] Netlist was created with Vivado 2018.3
INFO: [Device 21-403] Loading part xc7z020clg484-1
INFO: [Project 1-570] Preparing netlist for logic optimization
Netlist sorting complete. Time (s): cpu = 00:00:00 ; elapsed = 00:00:00 . Memory (MB): peak = 1057.930 ; gain = 0.000
INFO: [Project 1-111] Unisim Transformation Summary:
No Unisim elements were transformed.

INFO: [Project 1-604] Checkpoint was created with Vivado v2018.3 (64-bit) build 2405991
open_checkpoint: Time (s): cpu = 00:00:22 ; elapsed = 00:00:11 . Memory (MB): peak = 1205.984 ; gain = 573.063
exit
INFO: [Common 17-206] Exiting Vivado at Mon May 23 16:16:50 2022...
